"F:/pROjectsUnreal/Gamejam/Content/AnimStarterPack/UE4_Mannequin/Mesh/UE4_Mannequin_Skeleton.uasset" 0
"F:/pROjectsUnreal/Gamejam/Content/AnimStarterPack/UE4_Mannequin/Mesh/UE4_Mannequin_Skeleton.uexp" 1
"F:/pROjectsUnreal/Gamejam/Content/AnimStarterPack/Death_3.uasset" 2
"F:/pROjectsUnreal/Gamejam/Content/AnimStarterPack/Death_3.uexp" 3
"F:/pROjectsUnreal/Gamejam/Content/AnimStarterPack/death3.uasset" 4
"F:/pROjectsUnreal/Gamejam/Content/AnimStarterPack/death3.uexp" 5
"F:/pROjectsUnreal/Gamejam/Content/AnimStarterPack/Death_1.uasset" 6
"F:/pROjectsUnreal/Gamejam/Content/AnimStarterPack/Death_1.uexp" 7
"F:/pROjectsUnreal/Gamejam/Content/AnimStarterPack/Death.uasset" 8
"F:/pROjectsUnreal/Gamejam/Content/AnimStarterPack/Death.uexp" 9
"F:/pROjectsUnreal/Gamejam/Content/UI/R__1_.uasset" 10
"F:/pROjectsUnreal/Gamejam/Content/UI/R__1_.uexp" 11
"F:/pROjectsUnreal/Gamejam/Content/UI/WDG_Hud.uasset" 12
"F:/pROjectsUnreal/Gamejam/Content/UI/WDG_Hud.uexp" 13
"F:/pROjectsUnreal/Gamejam/Content/UI/WB_Death.uasset" 14
"F:/pROjectsUnreal/Gamejam/Content/UI/WB_Death.uexp" 15
"F:/pROjectsUnreal/Gamejam/Content/UI/BPI_Eat.uasset" 16
"F:/pROjectsUnreal/Gamejam/Content/UI/BPI_Eat.uexp" 17
"F:/pROjectsUnreal/Gamejam/Content/Mannequin/Character/Mesh/SK_Mannequin_PhysicsAsset.uasset" 18
"F:/pROjectsUnreal/Gamejam/Content/Mannequin/Character/Mesh/SK_Mannequin_PhysicsAsset.uexp" 19
"F:/pROjectsUnreal/Gamejam/Content/Mannequin/Character/Textures/T_UE4Logo_N.uasset" 20
"F:/pROjectsUnreal/Gamejam/Content/Mannequin/Character/Textures/T_UE4Logo_N.uexp" 21
"F:/pROjectsUnreal/Gamejam/Content/Mannequin/Character/Textures/T_UE4Logo_N.ubulk" 22
"F:/pROjectsUnreal/Gamejam/Content/Mannequin/Character/Textures/T_UE4Logo_Mask.uasset" 23
"F:/pROjectsUnreal/Gamejam/Content/Mannequin/Character/Textures/T_UE4Logo_Mask.uexp" 24
"F:/pROjectsUnreal/Gamejam/Content/Mannequin/Character/Textures/T_UE4Logo_Mask.ubulk" 25
"F:/pROjectsUnreal/Gamejam/Content/Mannequin/Character/Textures/T_Male_N.uasset" 26
"F:/pROjectsUnreal/Gamejam/Content/Mannequin/Character/Textures/T_Male_N.uexp" 27
"F:/pROjectsUnreal/Gamejam/Content/Mannequin/Character/Textures/T_Male_N.ubulk" 28
"F:/pROjectsUnreal/Gamejam/Content/Mannequin/Character/Textures/T_Male_Mask.uasset" 29
"F:/pROjectsUnreal/Gamejam/Content/Mannequin/Character/Textures/T_Male_Mask.uexp" 30
"F:/pROjectsUnreal/Gamejam/Content/Mannequin/Character/Textures/T_Male_Mask.ubulk" 31
"F:/pROjectsUnreal/Gamejam/Content/Mannequin/Character/Materials/MaterialLayers/T_ML_Rubber_Blue_01_N.uasset" 32
"F:/pROjectsUnreal/Gamejam/Content/Mannequin/Character/Materials/MaterialLayers/T_ML_Rubber_Blue_01_N.uexp" 33
"F:/pROjectsUnreal/Gamejam/Content/Mannequin/Character/Materials/MaterialLayers/T_ML_Rubber_Blue_01_N.ubulk" 34
"F:/pROjectsUnreal/Gamejam/Content/Mannequin/Character/Materials/MaterialLayers/T_ML_Rubber_Blue_01_D.uasset" 35
"F:/pROjectsUnreal/Gamejam/Content/Mannequin/Character/Materials/MaterialLayers/T_ML_Rubber_Blue_01_D.uexp" 36
"F:/pROjectsUnreal/Gamejam/Content/Mannequin/Character/Materials/MaterialLayers/T_ML_Rubber_Blue_01_D.ubulk" 37
"F:/pROjectsUnreal/Gamejam/Content/Mannequin/Character/Materials/MaterialLayers/T_ML_Aluminum01_N.uasset" 38
"F:/pROjectsUnreal/Gamejam/Content/Mannequin/Character/Materials/MaterialLayers/T_ML_Aluminum01_N.uexp" 39
"F:/pROjectsUnreal/Gamejam/Content/Mannequin/Character/Materials/MaterialLayers/T_ML_Aluminum01_N.ubulk" 40
"F:/pROjectsUnreal/Gamejam/Content/Mannequin/Character/Materials/MaterialLayers/T_ML_Aluminum01.uasset" 41
"F:/pROjectsUnreal/Gamejam/Content/Mannequin/Character/Materials/MaterialLayers/T_ML_Aluminum01.uexp" 42
"F:/pROjectsUnreal/Gamejam/Content/Mannequin/Character/Materials/MaterialLayers/T_ML_Aluminum01.ubulk" 43
"../../../Engine/Content/Functions/Engine_MaterialFunctions02/Utility/BlendAngleCorrectedNormals.uasset" 44
"../../../Engine/Content/Functions/Engine_MaterialFunctions02/Utility/BlendAngleCorrectedNormals.uexp" 45
"../../../Engine/Content/Functions/MaterialLayerFunctions/MatLayerBlend_NormalBlend.uasset" 46
"../../../Engine/Content/Functions/MaterialLayerFunctions/MatLayerBlend_NormalBlend.uexp" 47
"F:/pROjectsUnreal/Gamejam/Content/Mannequin/Character/Materials/MaterialLayers/ML_SoftMetal_UE4.uasset" 48
"F:/pROjectsUnreal/Gamejam/Content/Mannequin/Character/Materials/MaterialLayers/ML_SoftMetal_UE4.uexp" 49
"F:/pROjectsUnreal/Gamejam/Content/Mannequin/Character/Materials/MaterialLayers/ML_Plastic_Shiny_Beige_LOGO.uasset" 50
"F:/pROjectsUnreal/Gamejam/Content/Mannequin/Character/Materials/MaterialLayers/ML_Plastic_Shiny_Beige_LOGO.uexp" 51
"F:/pROjectsUnreal/Gamejam/Content/Mannequin/Character/Materials/MaterialLayers/ML_Plastic_Shiny_Beige.uasset" 52
"F:/pROjectsUnreal/Gamejam/Content/Mannequin/Character/Materials/MaterialLayers/ML_Plastic_Shiny_Beige.uexp" 53
"F:/pROjectsUnreal/Gamejam/Content/Mannequin/Character/Materials/MaterialLayers/ML_GlossyBlack_Latex_UE4.uasset" 54
"F:/pROjectsUnreal/Gamejam/Content/Mannequin/Character/Materials/MaterialLayers/ML_GlossyBlack_Latex_UE4.uexp" 55
"../../../Engine/Content/Functions/MaterialLayerFunctions/MatLayerBlend_Simple.uasset" 56
"../../../Engine/Content/Functions/MaterialLayerFunctions/MatLayerBlend_Simple.uexp" 57
"F:/pROjectsUnreal/Gamejam/Content/Mannequin/Character/Materials/M_Male_Body.uasset" 58
"F:/pROjectsUnreal/Gamejam/Content/Mannequin/Character/Materials/M_Male_Body.uexp" 59
"F:/pROjectsUnreal/Gamejam/Content/Mannequin/Character/Materials/M_UE4Man_ChestLogo.uasset" 60
"F:/pROjectsUnreal/Gamejam/Content/Mannequin/Character/Materials/M_UE4Man_ChestLogo.uexp" 61
"F:/pROjectsUnreal/Gamejam/Content/Mannequin/Character/Mesh/UE4_Mannequin_Skeleton.uasset" 62
"F:/pROjectsUnreal/Gamejam/Content/Mannequin/Character/Mesh/UE4_Mannequin_Skeleton.uexp" 63
"F:/pROjectsUnreal/Gamejam/Content/Mannequin/Character/Mesh/SK_Mannequin.uasset" 64
"F:/pROjectsUnreal/Gamejam/Content/Mannequin/Character/Mesh/SK_Mannequin.uexp" 65
"../../../Engine/Content/EditorBlueprintResources/StandardMacros.uasset" 66
"../../../Engine/Content/EditorBlueprintResources/StandardMacros.uexp" 67
"F:/pROjectsUnreal/Gamejam/Content/Mannequin/Animations/ThirdPersonWalk.uasset" 68
"F:/pROjectsUnreal/Gamejam/Content/Mannequin/Animations/ThirdPersonWalk.uexp" 69
"F:/pROjectsUnreal/Gamejam/Content/Mannequin/Animations/ThirdPersonRun.uasset" 70
"F:/pROjectsUnreal/Gamejam/Content/Mannequin/Animations/ThirdPersonRun.uexp" 71
"F:/pROjectsUnreal/Gamejam/Content/Mannequin/Animations/ThirdPersonIdle.uasset" 72
"F:/pROjectsUnreal/Gamejam/Content/Mannequin/Animations/ThirdPersonIdle.uexp" 73
"F:/pROjectsUnreal/Gamejam/Content/Mannequin/Animations/ThirdPerson_IdleRun_2D.uasset" 74
"F:/pROjectsUnreal/Gamejam/Content/Mannequin/Animations/ThirdPerson_IdleRun_2D.uexp" 75
"F:/pROjectsUnreal/Gamejam/Content/Mannequin/Animations/ThirdPerson_Jump.uasset" 76
"F:/pROjectsUnreal/Gamejam/Content/Mannequin/Animations/ThirdPerson_Jump.uexp" 77
"F:/pROjectsUnreal/Gamejam/Content/Mannequin/Animations/ThirdPersonJump_Start.uasset" 78
"F:/pROjectsUnreal/Gamejam/Content/Mannequin/Animations/ThirdPersonJump_Start.uexp" 79
"F:/pROjectsUnreal/Gamejam/Content/Mannequin/Animations/ThirdPersonJump_Loop.uasset" 80
"F:/pROjectsUnreal/Gamejam/Content/Mannequin/Animations/ThirdPersonJump_Loop.uexp" 81
"F:/pROjectsUnreal/Gamejam/Content/Mannequin/Animations/ThirdPerson_AnimBP.uasset" 82
"F:/pROjectsUnreal/Gamejam/Content/Mannequin/Animations/ThirdPerson_AnimBP.uexp" 83
"F:/pROjectsUnreal/Gamejam/Content/ThirdPersonBP/Blueprints/ThirdPersonCharacter.uasset" 84
"F:/pROjectsUnreal/Gamejam/Content/ThirdPersonBP/Blueprints/ThirdPersonCharacter.uexp" 85
"F:/pROjectsUnreal/Gamejam/Content/ThirdPersonBP/Blueprints/ThirdPersonGameMode.uasset" 86
"F:/pROjectsUnreal/Gamejam/Content/ThirdPersonBP/Blueprints/ThirdPersonGameMode.uexp" 87
"F:/pROjectsUnreal/Gamejam/Content/UI/R.uasset" 88
"F:/pROjectsUnreal/Gamejam/Content/UI/R.uexp" 89
"../../../Engine/Content/Animation/DefaultAnimBoneCompressionSettings.uasset" 90
"../../../Engine/Content/Animation/DefaultAnimBoneCompressionSettings.uexp" 91
"../../../Engine/Content/Animation/DefaultAnimCurveCompressionSettings.uasset" 92
"../../../Engine/Content/Animation/DefaultAnimCurveCompressionSettings.uexp" 93
"../../../Engine/Content/EngineMaterials/T_Default_Material_Grid_M.uasset" 94
"../../../Engine/Content/EngineMaterials/T_Default_Material_Grid_M.uexp" 95
"../../../Engine/Content/EngineMaterials/T_Default_Material_Grid_M.ubulk" 96
"../../../Engine/Content/EngineMaterials/T_Default_Material_Grid_N.uasset" 97
"../../../Engine/Content/EngineMaterials/T_Default_Material_Grid_N.uexp" 98
"../../../Engine/Content/EngineMaterials/T_Default_Material_Grid_N.ubulk" 99
"../../../Engine/Content/Functions/Engine_MaterialFunctions01/Opacity/CameraDepthFade.uasset" 100
"../../../Engine/Content/Functions/Engine_MaterialFunctions01/Opacity/CameraDepthFade.uexp" 101
"../../../Engine/Content/EngineMaterials/WorldGridMaterial.uasset" 102
"../../../Engine/Content/EngineMaterials/WorldGridMaterial.uexp" 103
"../../../Engine/Content/ArtTools/RenderToTexture/Meshes/S_1_Unit_Plane.uasset" 104
"../../../Engine/Content/ArtTools/RenderToTexture/Meshes/S_1_Unit_Plane.uexp" 105
"../../../Engine/Content/EngineMaterials/DefaultMaterial.uasset" 106
"../../../Engine/Content/EngineMaterials/DefaultMaterial.uexp" 107
"../../../Engine/Content/BasicShapes/Cone.uasset" 108
"../../../Engine/Content/BasicShapes/Cone.uexp" 109
"../../../Engine/Content/BasicShapes/Cube.uasset" 110
"../../../Engine/Content/BasicShapes/Cube.uexp" 111
"../../../Engine/Content/BasicShapes/Plane.uasset" 112
"../../../Engine/Content/BasicShapes/Plane.uexp" 113
"../../../Engine/Content/BasicShapes/Sphere.uasset" 114
"../../../Engine/Content/BasicShapes/Sphere.uexp" 115
"../../../Engine/Content/EditorLandscapeResources/DataLayer.uasset" 116
"../../../Engine/Content/EditorLandscapeResources/DataLayer.uexp" 117
"../../../Engine/Content/EditorLandscapeResources/DefaultAlphaTexture.uasset" 118
"../../../Engine/Content/EditorLandscapeResources/DefaultAlphaTexture.uexp" 119
"../../../Engine/Content/EditorMaterials/MAT_Groups_Toggle.uasset" 120
"../../../Engine/Content/EditorMaterials/MAT_Groups_Toggle.uexp" 121
"../../../Engine/Content/EditorMaterials/MAT_Groups_Visibility.uasset" 122
"../../../Engine/Content/EditorMaterials/MAT_Groups_Visibility.uexp" 123
"../../../Engine/Content/EditorMaterials/PreviewShadowIndicator.uasset" 124
"../../../Engine/Content/EditorMaterials/PreviewShadowIndicator.uexp" 125
"../../../Engine/Content/EditorMaterials/PreviewShadowIndicator.ubulk" 126
"../../../Engine/Content/EditorMaterials/PreviewShadowIndicatorMaterial.uasset" 127
"../../../Engine/Content/EditorMaterials/PreviewShadowIndicatorMaterial.uexp" 128
"../../../Engine/Content/EditorMaterials/MatineeGroups/MAT_ColorTrack.uasset" 129
"../../../Engine/Content/EditorMaterials/MatineeGroups/MAT_ColorTrack.uexp" 130
"../../../Engine/Content/EditorMaterials/MatineeGroups/MAT_Groups_Anim.uasset" 131
"../../../Engine/Content/EditorMaterials/MatineeGroups/MAT_Groups_Anim.uexp" 132
"../../../Engine/Content/EditorMaterials/MatineeGroups/MAT_Groups_AudioMaster.uasset" 133
"../../../Engine/Content/EditorMaterials/MatineeGroups/MAT_Groups_AudioMaster.uexp" 134
"../../../Engine/Content/EditorMaterials/MatineeGroups/MAT_Groups_Director.uasset" 135
"../../../Engine/Content/EditorMaterials/MatineeGroups/MAT_Groups_Director.uexp" 136
"../../../Engine/Content/EditorMaterials/MatineeGroups/MAT_Groups_Event.uasset" 137
"../../../Engine/Content/EditorMaterials/MatineeGroups/MAT_Groups_Event.uexp" 138
"../../../Engine/Content/EditorMaterials/MatineeGroups/MAT_Groups_Fade.uasset" 139
"../../../Engine/Content/EditorMaterials/MatineeGroups/MAT_Groups_Fade.uexp" 140
"../../../Engine/Content/EditorMaterials/MatineeGroups/MAT_Groups_Float.uasset" 141
"../../../Engine/Content/EditorMaterials/MatineeGroups/MAT_Groups_Float.uexp" 142
"../../../Engine/Content/EditorMaterials/MatineeGroups/MAT_Groups_Move.uasset" 143
"../../../Engine/Content/EditorMaterials/MatineeGroups/MAT_Groups_Move.uexp" 144
"../../../Engine/Content/EditorMaterials/MatineeGroups/MAT_Groups_Slomo.uasset" 145
"../../../Engine/Content/EditorMaterials/MatineeGroups/MAT_Groups_Slomo.uexp" 146
"../../../Engine/Content/EditorMaterials/MatineeGroups/MAT_Groups_Sound.uasset" 147
"../../../Engine/Content/EditorMaterials/MatineeGroups/MAT_Groups_Sound.uexp" 148
"../../../Engine/Content/EditorMaterials/MatineeGroups/MAT_Groups_Vector.uasset" 149
"../../../Engine/Content/EditorMaterials/MatineeGroups/MAT_Groups_Vector.uexp" 150
"../../../Engine/Content/EditorMaterials/ParticleSystems/PSysThumbnail_NoImage.uasset" 151
"../../../Engine/Content/EditorMaterials/ParticleSystems/PSysThumbnail_NoImage.uexp" 152
"../../../Engine/Content/EditorMaterials/ParticleSystems/PSysThumbnail_NoImage.ubulk" 153
"../../../Engine/Content/EditorMaterials/ParticleSystems/PSysThumbnail_OOD.uasset" 154
"../../../Engine/Content/EditorMaterials/ParticleSystems/PSysThumbnail_OOD.uexp" 155
"../../../Engine/Content/EditorMaterials/ParticleSystems/PSysThumbnail_OOD.ubulk" 156
"../../../Engine/Content/EditorMaterials/Camera/CineMat.uasset" 157
"../../../Engine/Content/EditorMaterials/Camera/CineMat.uexp" 158
"../../../Engine/Content/EditorMaterials/Camera/MI_CineMat_Rig.uasset" 159
"../../../Engine/Content/EditorMaterials/Camera/MI_CineMat_Rig.uexp" 160
"../../../Engine/Content/EditorMeshes/Camera/SM_CraneRig_Arm.uasset" 161
"../../../Engine/Content/EditorMeshes/Camera/SM_CraneRig_Arm.uexp" 162
"../../../Engine/Content/EditorMeshes/Camera/SM_CraneRig_Base.uasset" 163
"../../../Engine/Content/EditorMeshes/Camera/SM_CraneRig_Base.uexp" 164
"../../../Engine/Content/EditorMeshes/Camera/SM_CraneRig_Body.uasset" 165
"../../../Engine/Content/EditorMeshes/Camera/SM_CraneRig_Body.uexp" 166
"../../../Engine/Content/EditorMeshes/Camera/SM_CraneRig_Mount.uasset" 167
"../../../Engine/Content/EditorMeshes/Camera/SM_CraneRig_Mount.uexp" 168
"../../../Engine/Content/EditorMeshes/Camera/SM_RailRig_Mount.uasset" 169
"../../../Engine/Content/EditorMeshes/Camera/SM_RailRig_Mount.uexp" 170
"../../../Engine/Content/EditorMeshes/Camera/SM_RailRig_Track.uasset" 171
"../../../Engine/Content/EditorMeshes/Camera/SM_RailRig_Track.uexp" 172
"../../../Engine/Content/EditorResources/BSPVertex.uasset" 173
"../../../Engine/Content/EditorResources/BSPVertex.uexp" 174
"../../../Engine/Content/EditorResources/EmptyActor.uasset" 175
"../../../Engine/Content/EditorResources/EmptyActor.uexp" 176
"../../../Engine/Content/EditorResources/S_Actor.uasset" 177
"../../../Engine/Content/EditorResources/S_Actor.uexp" 178
"../../../Engine/Content/EditorResources/S_Actor.ubulk" 179
"../../../Engine/Content/EditorResources/S_Note.uasset" 180
"../../../Engine/Content/EditorResources/S_Note.uexp" 181
"../../../Engine/Content/EditorResources/S_Note.ubulk" 182
"../../../Engine/Content/EditorResources/S_Solver.uasset" 183
"../../../Engine/Content/EditorResources/S_Solver.uexp" 184
"../../../Engine/Content/EditorResources/S_Solver.ubulk" 185
"../../../Engine/Content/EditorResources/S_Terrain.uasset" 186
"../../../Engine/Content/EditorResources/S_Terrain.uexp" 187
"../../../Engine/Content/EditorResources/S_Terrain.ubulk" 188
"../../../Engine/Content/EditorResources/S_Trigger.uasset" 189
"../../../Engine/Content/EditorResources/S_Trigger.uexp" 190
"../../../Engine/Content/EditorResources/S_Trigger.ubulk" 191
"../../../Engine/Content/EditorResources/SequenceRecorder/Countdown.uasset" 192
"../../../Engine/Content/EditorResources/SequenceRecorder/Countdown.uexp" 193
"../../../Engine/Content/EditorResources/SequenceRecorder/RecordingIndicator.uasset" 194
"../../../Engine/Content/EditorResources/SequenceRecorder/RecordingIndicator.uexp" 195
"../../../Engine/Content/EngineDamageTypes/DmgTypeBP_Environmental.uasset" 196
"../../../Engine/Content/EngineDamageTypes/DmgTypeBP_Environmental.uexp" 197
"../../../Engine/Content/EngineDebugMaterials/DebugEditorMaterial.uasset" 198
"../../../Engine/Content/EngineDebugMaterials/DebugEditorMaterial.uexp" 199
"../../../Engine/Content/EngineDebugMaterials/DebugMeshMaterial.uasset" 200
"../../../Engine/Content/EngineDebugMaterials/DebugMeshMaterial.uexp" 201
"../../../Engine/Content/EngineDebugMaterials/M_SimpleUnlitTranslucent.uasset" 202
"../../../Engine/Content/EngineDebugMaterials/M_SimpleUnlitTranslucent.uexp" 203
"../../../Engine/Content/EngineDebugMaterials/VolumeToRender.uasset" 204
"../../../Engine/Content/EngineDebugMaterials/VolumeToRender.uexp" 205
"../../../Engine/Content/Functions/Engine_MaterialFunctions02/Utility/CameraDirectionVector.uasset" 206
"../../../Engine/Content/Functions/Engine_MaterialFunctions02/Utility/CameraDirectionVector.uexp" 207
"../../../Engine/Content/EngineDebugMaterials/M_VolumeRenderSphereTracePP.uasset" 208
"../../../Engine/Content/EngineDebugMaterials/M_VolumeRenderSphereTracePP.uexp" 209
"../../../Engine/Content/Functions/Engine_MaterialFunctions01/Shading/ConvertFromDiffSpec.uasset" 210
"../../../Engine/Content/Functions/Engine_MaterialFunctions01/Shading/ConvertFromDiffSpec.uexp" 211
"../../../Engine/Content/EngineDebugMaterials/VertexColorMaterial.uasset" 212
"../../../Engine/Content/EngineDebugMaterials/VertexColorMaterial.uexp" 213
"../../../Engine/Content/EngineDebugMaterials/WireframeMaterial.uasset" 214
"../../../Engine/Content/EngineDebugMaterials/WireframeMaterial.uexp" 215
"../../../Engine/Content/EngineFonts/Faces/RobotoRegular.uasset" 216
"../../../Engine/Content/EngineFonts/Faces/RobotoRegular.uexp" 217
"../../../Engine/Content/EngineFonts/Faces/RobotoRegular.ufont" 218
"../../../Engine/Content/EngineFonts/Faces/RobotoLight.uasset" 219
"../../../Engine/Content/EngineFonts/Faces/RobotoLight.uexp" 220
"../../../Engine/Content/EngineFonts/Faces/RobotoLight.ufont" 221
"../../../Engine/Content/EngineFonts/Faces/RobotoItalic.uasset" 222
"../../../Engine/Content/EngineFonts/Faces/RobotoItalic.uexp" 223
"../../../Engine/Content/EngineFonts/Faces/RobotoItalic.ufont" 224
"../../../Engine/Content/EngineFonts/Faces/RobotoBoldItalic.uasset" 225
"../../../Engine/Content/EngineFonts/Faces/RobotoBoldItalic.uexp" 226
"../../../Engine/Content/EngineFonts/Faces/RobotoBoldItalic.ufont" 227
"../../../Engine/Content/EngineFonts/Faces/RobotoBold.uasset" 228
"../../../Engine/Content/EngineFonts/Faces/RobotoBold.uexp" 229
"../../../Engine/Content/EngineFonts/Faces/RobotoBold.ufont" 230
"../../../Engine/Content/EngineFonts/Faces/DroidSansFallback.uasset" 231
"../../../Engine/Content/EngineFonts/Faces/DroidSansFallback.uexp" 232
"../../../Engine/Content/EngineFonts/Faces/DroidSansFallback.ufont" 233
"../../../Engine/Content/EngineFonts/Roboto.uasset" 234
"../../../Engine/Content/EngineFonts/Roboto.uexp" 235
"../../../Engine/Content/EngineMaterials/BaseFlattenNormalMap.uasset" 236
"../../../Engine/Content/EngineMaterials/BaseFlattenNormalMap.uexp" 237
"../../../Engine/Content/EngineMaterials/BaseFlattenGrayscaleMap.uasset" 238
"../../../Engine/Content/EngineMaterials/BaseFlattenGrayscaleMap.uexp" 239
"../../../Engine/Content/EngineMaterials/BaseFlattenEmissiveMap.uasset" 240
"../../../Engine/Content/EngineMaterials/BaseFlattenEmissiveMap.uexp" 241
"../../../Engine/Content/EngineMaterials/BaseFlattenDiffuseMap.uasset" 242
"../../../Engine/Content/EngineMaterials/BaseFlattenDiffuseMap.uexp" 243
"../../../Engine/Content/EngineMaterials/BaseFlattenMaterial.uasset" 244
"../../../Engine/Content/EngineMaterials/BaseFlattenMaterial.uexp" 245
"../../../Engine/Content/EngineMaterials/BlueNoise.uasset" 246
"../../../Engine/Content/EngineMaterials/BlueNoise.uexp" 247
"../../../Engine/Content/EngineMaterials/DefaultBloomKernel.uasset" 248
"../../../Engine/Content/EngineMaterials/DefaultBloomKernel.uexp" 249
"../../../Engine/Content/EngineMaterials/DefaultBokeh.uasset" 250
"../../../Engine/Content/EngineMaterials/DefaultBokeh.uexp" 251
"../../../Engine/Content/EngineMaterials/DefaultDiffuse.uasset" 252
"../../../Engine/Content/EngineMaterials/DefaultDiffuse.uexp" 253
"../../../Engine/Content/EngineMaterials/DefaultDiffuse.ubulk" 254
"../../../Engine/Content/EngineMaterials/DefaultDeferredDecalMaterial.uasset" 255
"../../../Engine/Content/EngineMaterials/DefaultDeferredDecalMaterial.uexp" 256
"../../../Engine/Content/EngineMaterials/DefaultLightFunctionMaterial.uasset" 257
"../../../Engine/Content/EngineMaterials/DefaultLightFunctionMaterial.uexp" 258
"../../../Engine/Content/Functions/Engine_MaterialFunctions02/Utility/BreakOutFloat2Components.uasset" 259
"../../../Engine/Content/Functions/Engine_MaterialFunctions02/Utility/BreakOutFloat2Components.uexp" 260
"../../../Engine/Content/EngineMaterials/DefaultPostProcessMaterial.uasset" 261
"../../../Engine/Content/EngineMaterials/DefaultPostProcessMaterial.uexp" 262
"../../../Engine/Content/EngineFonts/RobotoDistanceField.uasset" 263
"../../../Engine/Content/EngineFonts/RobotoDistanceField.uexp" 264
"../../../Engine/Content/EngineMaterials/DefaultTextMaterialOpaque.uasset" 265
"../../../Engine/Content/EngineMaterials/DefaultTextMaterialOpaque.uexp" 266
"../../../Engine/Content/EngineMaterials/DefaultWhiteGrid.uasset" 267
"../../../Engine/Content/EngineMaterials/DefaultWhiteGrid.uexp" 268
"../../../Engine/Content/EngineMaterials/DefaultWhiteGrid.ubulk" 269
"../../../Engine/Content/EngineMaterials/DefaultWhiteGrid_Low.uasset" 270
"../../../Engine/Content/EngineMaterials/DefaultWhiteGrid_Low.uexp" 271
"../../../Engine/Content/EngineMaterials/EmissiveMeshMaterial.uasset" 272
"../../../Engine/Content/EngineMaterials/EmissiveMeshMaterial.uexp" 273
"../../../Engine/Content/EngineMaterials/GizmoMaterial.uasset" 274
"../../../Engine/Content/EngineMaterials/GizmoMaterial.uexp" 275
"../../../Engine/Content/EngineMaterials/Good64x64TilingNoiseHighFreq.uasset" 276
"../../../Engine/Content/EngineMaterials/Good64x64TilingNoiseHighFreq.uexp" 277
"../../../Engine/Content/EngineMaterials/MiniFont.uasset" 278
"../../../Engine/Content/EngineMaterials/MiniFont.uexp" 279
"../../../Engine/Content/EngineMaterials/InvalidLightmapSettings.uasset" 280
"../../../Engine/Content/EngineMaterials/InvalidLightmapSettings.uexp" 281
"../../../Engine/Content/EngineMaterials/InvalidLightmapSettings.ubulk" 282
"../../../Engine/Content/EngineMaterials/M_InvalidLightmapSettings.uasset" 283
"../../../Engine/Content/EngineMaterials/M_InvalidLightmapSettings.uexp" 284
"../../../Engine/Content/Functions/Engine_MaterialFunctions02/WorldPositionOffset/CameraOffset.uasset" 285
"../../../Engine/Content/Functions/Engine_MaterialFunctions02/WorldPositionOffset/CameraOffset.uexp" 286
"../../../Engine/Content/EngineMaterials/PhAT_JointLimitMaterial.uasset" 287
"../../../Engine/Content/EngineMaterials/PhAT_JointLimitMaterial.uexp" 288
"../../../Engine/Content/EngineMaterials/DefaultCalibrationColor.uasset" 289
"../../../Engine/Content/EngineMaterials/DefaultCalibrationColor.uexp" 290
"../../../Engine/Content/EngineMaterials/PPM_DefaultCalibrationColor.uasset" 291
"../../../Engine/Content/EngineMaterials/PPM_DefaultCalibrationColor.uexp" 292
"../../../Engine/Content/EngineMaterials/DefaultCalibrationGrayscale.uasset" 293
"../../../Engine/Content/EngineMaterials/DefaultCalibrationGrayscale.uexp" 294
"../../../Engine/Content/EngineMaterials/PPM_DefaultCalibrationGrayscale.uasset" 295
"../../../Engine/Content/EngineMaterials/PPM_DefaultCalibrationGrayscale.uexp" 296
"../../../Engine/Content/EngineMaterials/PreintegratedSkinBRDF.uasset" 297
"../../../Engine/Content/EngineMaterials/PreintegratedSkinBRDF.uexp" 298
"../../../Engine/Content/EngineMaterials/RemoveSurfaceMaterial.uasset" 299
"../../../Engine/Content/EngineMaterials/RemoveSurfaceMaterial.uexp" 300
"../../../Engine/Content/EngineMaterials/WeightMapPlaceholderTexture.uasset" 301
"../../../Engine/Content/EngineMaterials/WeightMapPlaceholderTexture.uexp" 302
"../../../Engine/Content/EngineResources/WhiteSquareTexture.uasset" 303
"../../../Engine/Content/EngineResources/WhiteSquareTexture.uexp" 304
"../../../Engine/Content/EngineMaterials/Widget3DPassThrough.uasset" 305
"../../../Engine/Content/EngineMaterials/Widget3DPassThrough.uexp" 306
"../../../Engine/Content/EngineMaterials/Widget3DPassThrough_Masked.uasset" 307
"../../../Engine/Content/EngineMaterials/Widget3DPassThrough_Masked.uexp" 308
"../../../Engine/Content/EngineMaterials/Widget3DPassThrough_Opaque.uasset" 309
"../../../Engine/Content/EngineMaterials/Widget3DPassThrough_Opaque.uexp" 310
"../../../Engine/Content/EngineMaterials/Widget3DPassThrough_Masked_OneSided.uasset" 311
"../../../Engine/Content/EngineMaterials/Widget3DPassThrough_Masked_OneSided.uexp" 312
"../../../Engine/Content/EngineMaterials/Widget3DPassThrough_Opaque_OneSided.uasset" 313
"../../../Engine/Content/EngineMaterials/Widget3DPassThrough_Opaque_OneSided.uexp" 314
"../../../Engine/Content/EngineMaterials/Widget3DPassThrough_Translucent.uasset" 315
"../../../Engine/Content/EngineMaterials/Widget3DPassThrough_Translucent.uexp" 316
"../../../Engine/Content/EngineMaterials/Widget3DPassThrough_Translucent_OneSided.uasset" 317
"../../../Engine/Content/EngineMaterials/Widget3DPassThrough_Translucent_OneSided.uexp" 318
"../../../Engine/Content/EngineMeshes/Cylinder.uasset" 319
"../../../Engine/Content/EngineMeshes/Cylinder.uexp" 320
"../../../Engine/Content/EngineMeshes/Sphere.uasset" 321
"../../../Engine/Content/EngineMeshes/Sphere.uexp" 322
"../../../Engine/Content/EngineResources/DefaultTexture.uasset" 323
"../../../Engine/Content/EngineResources/DefaultTexture.uexp" 324
"../../../Engine/Content/EngineResources/DefaultTexture.ubulk" 325
"../../../Engine/Content/EngineResources/DefaultTextureCube.uasset" 326
"../../../Engine/Content/EngineResources/DefaultTextureCube.uexp" 327
"../../../Engine/Content/EngineResources/DefaultVolumeTexture2D.uasset" 328
"../../../Engine/Content/EngineResources/DefaultVolumeTexture2D.uexp" 329
"../../../Engine/Content/EngineResources/DefaultVolumeTexture.uasset" 330
"../../../Engine/Content/EngineResources/DefaultVolumeTexture.uexp" 331
"../../../Engine/Content/EngineResources/GradientTexture0.uasset" 332
"../../../Engine/Content/EngineResources/GradientTexture0.uexp" 333
"../../../Engine/Content/EngineSky/VolumetricClouds/T_NoiseShape64.uasset" 334
"../../../Engine/Content/EngineSky/VolumetricClouds/T_NoiseShape64.uexp" 335
"../../../Engine/Content/EngineSky/VolumetricClouds/T_NoiseShape64.ubulk" 336
"../../../Engine/Content/EngineSky/VolumetricClouds/T_VolumeNoiseShape64.uasset" 337
"../../../Engine/Content/EngineSky/VolumetricClouds/T_VolumeNoiseShape64.uexp" 338
"../../../Engine/Content/EngineSky/VolumetricClouds/T_NoiseErosion.uasset" 339
"../../../Engine/Content/EngineSky/VolumetricClouds/T_NoiseErosion.uexp" 340
"../../../Engine/Content/EngineSky/VolumetricClouds/T_NoiseErosion.ubulk" 341
"../../../Engine/Content/EngineSky/VolumetricClouds/T_VolumeNoiseErosion32.uasset" 342
"../../../Engine/Content/EngineSky/VolumetricClouds/T_VolumeNoiseErosion32.uexp" 343
"../../../Engine/Content/EngineSky/VolumetricClouds/CloudWeatherTexture.uasset" 344
"../../../Engine/Content/EngineSky/VolumetricClouds/CloudWeatherTexture.uexp" 345
"../../../Engine/Content/EngineSky/VolumetricClouds/CloudGradientTexture.uasset" 346
"../../../Engine/Content/EngineSky/VolumetricClouds/CloudGradientTexture.uexp" 347
"../../../Engine/Content/Functions/Engine_MaterialFunctions02/Utility/MakeFloat2.uasset" 348
"../../../Engine/Content/Functions/Engine_MaterialFunctions02/Utility/MakeFloat2.uexp" 349
"../../../Engine/Content/EngineSky/VolumetricClouds/m_SimpleVolumetricCloud.uasset" 350
"../../../Engine/Content/EngineSky/VolumetricClouds/m_SimpleVolumetricCloud.uexp" 351
"../../../Engine/Content/EngineSky/VolumetricClouds/m_SimpleVolumetricCloud_Inst.uasset" 352
"../../../Engine/Content/EngineSky/VolumetricClouds/m_SimpleVolumetricCloud_Inst.uexp" 353
"../../../Engine/Content/EngineSounds/Master.uasset" 354
"../../../Engine/Content/EngineSounds/Master.uexp" 355
"../../../Engine/Content/Functions/Engine_MaterialFunctions01/Shading/PowerToRoughness.uasset" 356
"../../../Engine/Content/Functions/Engine_MaterialFunctions01/Shading/PowerToRoughness.uexp" 357
"../../../Engine/Content/Maps/Templates/Thumbnails/Default.uasset" 358
"../../../Engine/Content/Maps/Templates/Thumbnails/Default.uexp" 359
"../../../Engine/Content/Maps/Templates/Thumbnails/TimeOfDay.uasset" 360
"../../../Engine/Content/Maps/Templates/Thumbnails/TimeOfDay.uexp" 361
"../../../Engine/Content/Maps/Templates/Thumbnails/VR-Basic.uasset" 362
"../../../Engine/Content/Maps/Templates/Thumbnails/VR-Basic.uexp" 363
"../../../Engine/Content/MobileResources/T_MobileControls_texture.uasset" 364
"../../../Engine/Content/MobileResources/T_MobileControls_texture.uexp" 365
"../../../Engine/Content/MobileResources/T_MobileMenu2.uasset" 366
"../../../Engine/Content/MobileResources/T_MobileMenu2.uexp" 367
"../../../Engine/Content/MobileResources/HUD/AnalogHat.uasset" 368
"../../../Engine/Content/MobileResources/HUD/AnalogHat.uexp" 369
"../../../Engine/Content/MobileResources/HUD/VirtualJoystick_Thumb.uasset" 370
"../../../Engine/Content/MobileResources/HUD/VirtualJoystick_Thumb.uexp" 371
"../../../Engine/Content/MobileResources/HUD/VirtualJoystick_Background.uasset" 372
"../../../Engine/Content/MobileResources/HUD/VirtualJoystick_Background.uexp" 373
"../../../Engine/Content/MobileResources/HUD/DefaultVirtualJoysticks.uasset" 374
"../../../Engine/Content/MobileResources/HUD/DefaultVirtualJoysticks.uexp" 375
"../../../Engine/Content/MobileResources/HUD/LeftVirtualJoystickOnly.uasset" 376
"../../../Engine/Content/MobileResources/HUD/LeftVirtualJoystickOnly.uexp" 377
"../../../Engine/Content/MobileResources/HUD/MobileHUDButton1_off.uasset" 378
"../../../Engine/Content/MobileResources/HUD/MobileHUDButton1_off.uexp" 379
"../../../Engine/Content/MobileResources/HUD/MobileHUDButton1_on.uasset" 380
"../../../Engine/Content/MobileResources/HUD/MobileHUDButton1_on.uexp" 381
"../../../Engine/Content/MobileResources/HUD/MobileHUDButton2_off.uasset" 382
"../../../Engine/Content/MobileResources/HUD/MobileHUDButton2_off.uexp" 383
"../../../Engine/Content/MobileResources/HUD/MobileHUDButton2_on.uasset" 384
"../../../Engine/Content/MobileResources/HUD/MobileHUDButton2_on.uexp" 385
"../../../Engine/Content/MobileResources/HUD/MobileHUDButton3.uasset" 386
"../../../Engine/Content/MobileResources/HUD/MobileHUDButton3.uexp" 387
"../../../Engine/Content/MobileResources/HUD/MobileHUDButtonFire.uasset" 388
"../../../Engine/Content/MobileResources/HUD/MobileHUDButtonFire.uexp" 389
"../../../Engine/Content/MobileResources/HUD/MobileHUDDirectionPad.uasset" 390
"../../../Engine/Content/MobileResources/HUD/MobileHUDDirectionPad.uexp" 391
"../../../Engine/Content/MobileResources/HUD/MobileHUDDirectionPad2.uasset" 392
"../../../Engine/Content/MobileResources/HUD/MobileHUDDirectionPad2.uexp" 393
"../../../Engine/Content/MobileResources/HUD/MobileHUDDirectionPad3.uasset" 394
"../../../Engine/Content/MobileResources/HUD/MobileHUDDirectionPad3.uexp" 395
"../../../Engine/Content/MobileResources/HUD/MobileHUDDirectionStick.uasset" 396
"../../../Engine/Content/MobileResources/HUD/MobileHUDDirectionStick.uexp" 397
"../../../Engine/Content/MobileResources/HUD/T_Castle_ThumbstickInner.uasset" 398
"../../../Engine/Content/MobileResources/HUD/T_Castle_ThumbstickInner.uexp" 399
"../../../Engine/Content/MobileResources/HUD/T_Castle_ThumbstickOutter.uasset" 400
"../../../Engine/Content/MobileResources/HUD/T_Castle_ThumbstickOutter.uexp" 401
"../../../Engine/Content/Tutorial/ContentIntroCurve.uasset" 402
"../../../Engine/Content/Tutorial/ContentIntroCurve.uexp" 403
"../../../Engine/Content/Tutorial/Basics/TutorialAssets/icon_tab_Levels_40x.uasset" 404
"../../../Engine/Content/Tutorial/Basics/TutorialAssets/icon_tab_Levels_40x.uexp" 405
"../../../Engine/Content/VREditor/TransformGizmo/TranslucentTransformGizmoMaterial.uasset" 406
"../../../Engine/Content/VREditor/TransformGizmo/TranslucentTransformGizmoMaterial.uexp" 407
"../../../Engine/Content/VREditor/LaserPointer/VR_LaserPower_01.uasset" 408
"../../../Engine/Content/VREditor/LaserPointer/VR_LaserPower_01.uexp" 409
"../../../Engine/Content/VREditor/LaserPointer/VR_LaserPower_01.ubulk" 410
"../../../Engine/Content/VREditor/TransformGizmo/TransformGizmoMaterial.uasset" 411
"../../../Engine/Content/VREditor/TransformGizmo/TransformGizmoMaterial.uexp" 412
"../../../Engine/Content/VREditor/TransformGizmo/BoundingBoxCorner.uasset" 413
"../../../Engine/Content/VREditor/TransformGizmo/BoundingBoxCorner.uexp" 414
"../../../Engine/Content/VREditor/TransformGizmo/BoundingBoxEdge.uasset" 415
"../../../Engine/Content/VREditor/TransformGizmo/BoundingBoxEdge.uexp" 416
"../../../Engine/Content/VREditor/TransformGizmo/PlaneTranslationHandle.uasset" 417
"../../../Engine/Content/VREditor/TransformGizmo/PlaneTranslationHandle.uexp" 418
"../../../Engine/Content/VREditor/TransformGizmo/Xray.uasset" 419
"../../../Engine/Content/VREditor/TransformGizmo/Xray.uexp" 420
"../../../Engine/Content/VREditor/TransformGizmo/Main.uasset" 421
"../../../Engine/Content/VREditor/TransformGizmo/Main.uexp" 422
"../../../Engine/Content/VREditor/TransformGizmo/SM_Sequencer_Key.uasset" 423
"../../../Engine/Content/VREditor/TransformGizmo/SM_Sequencer_Key.uexp" 424
"../../../Engine/Content/VREditor/TransformGizmo/SM_Sequencer_Node.uasset" 425
"../../../Engine/Content/VREditor/TransformGizmo/SM_Sequencer_Node.uexp" 426
"../../../Engine/Plugins/2D/Paper2D/Content/PlaceholderTextures/DummySpriteTexture.uasset" 427
"../../../Engine/Plugins/2D/Paper2D/Content/PlaceholderTextures/DummySpriteTexture.uexp" 428
"../../../Engine/Plugins/2D/Paper2D/Content/PlaceholderTextures/DummySpriteTexture.ubulk" 429
"../../../Engine/Plugins/2D/Paper2D/Content/DummySprite.uasset" 430
"../../../Engine/Plugins/2D/Paper2D/Content/DummySprite.uexp" 431
"../../../Engine/Plugins/2D/Paper2D/Content/DefaultPaperTerrainMaterial.uasset" 432
"../../../Engine/Plugins/2D/Paper2D/Content/DefaultPaperTerrainMaterial.uexp" 433
"../../../Engine/Plugins/2D/Paper2D/Content/DefaultSpriteMaterial.uasset" 434
"../../../Engine/Plugins/2D/Paper2D/Content/DefaultSpriteMaterial.uexp" 435
"../../../Engine/Plugins/2D/Paper2D/Content/MaskedUnlitSpriteMaterial.uasset" 436
"../../../Engine/Plugins/2D/Paper2D/Content/MaskedUnlitSpriteMaterial.uexp" 437
"../../../Engine/Plugins/2D/Paper2D/Content/OpaqueUnlitSpriteMaterial.uasset" 438
"../../../Engine/Plugins/2D/Paper2D/Content/OpaqueUnlitSpriteMaterial.uexp" 439
"../../../Engine/Content/Functions/Engine_MaterialFunctions02/Utility/VectorLength.uasset" 440
"../../../Engine/Content/Functions/Engine_MaterialFunctions02/Utility/VectorLength.uexp" 441
"../../../Engine/Content/Functions/Engine_MaterialFunctions02/WorldPositionOffset/ObjectScale.uasset" 442
"../../../Engine/Content/Functions/Engine_MaterialFunctions02/WorldPositionOffset/ObjectScale.uexp" 443
"../../../Engine/Content/Functions/Engine_MaterialFunctions02/Utility/BreakOutFloat3Components.uasset" 444
"../../../Engine/Content/Functions/Engine_MaterialFunctions02/Utility/BreakOutFloat3Components.uexp" 445
"../../../Engine/Content/Functions/Engine_MaterialFunctions02/ObjectLocalBounds.uasset" 446
"../../../Engine/Content/Functions/Engine_MaterialFunctions02/ObjectLocalBounds.uexp" 447
"../../../Engine/Plugins/Editor/SpeedTreeImporter/Content/SpeedTree9/UnpackInteger3.uasset" 448
"../../../Engine/Plugins/Editor/SpeedTreeImporter/Content/SpeedTree9/UnpackInteger3.uexp" 449
"../../../Engine/Plugins/Editor/SpeedTreeImporter/Content/SpeedTree9/UnpackDirection.uasset" 450
"../../../Engine/Plugins/Editor/SpeedTreeImporter/Content/SpeedTree9/UnpackDirection.uexp" 451
"../../../Engine/Plugins/Editor/SpeedTreeImporter/Content/SpeedTree9/game_wind_noise.uasset" 452
"../../../Engine/Plugins/Editor/SpeedTreeImporter/Content/SpeedTree9/game_wind_noise.uexp" 453
"../../../Engine/Plugins/Editor/SpeedTreeImporter/Content/SpeedTree9/game_wind_noise.ubulk" 454
"../../../Engine/Content/Functions/Engine_MaterialFunctions02/SafeNormalize.uasset" 455
"../../../Engine/Content/Functions/Engine_MaterialFunctions02/SafeNormalize.uexp" 456
"../../../Engine/Plugins/Editor/SpeedTreeImporter/Content/SpeedTree9/SpeedTreeWindMotion.uasset" 457
"../../../Engine/Plugins/Editor/SpeedTreeImporter/Content/SpeedTree9/SpeedTreeWindMotion.uexp" 458
"../../../Engine/Plugins/Editor/SpeedTreeImporter/Content/SpeedTree9/SpeedTreeBranchMotion.uasset" 459
"../../../Engine/Plugins/Editor/SpeedTreeImporter/Content/SpeedTree9/SpeedTreeBranchMotion.uexp" 460
"../../../Engine/Content/Functions/Engine_MaterialFunctions02/UVs/BoundingBoxBased_0-1_UVW.uasset" 461
"../../../Engine/Content/Functions/Engine_MaterialFunctions02/UVs/BoundingBoxBased_0-1_UVW.uexp" 462
"../../../Engine/Plugins/Editor/SpeedTreeImporter/Content/SpeedTree9/SpeedTreeWind.uasset" 463
"../../../Engine/Plugins/Editor/SpeedTreeImporter/Content/SpeedTree9/SpeedTreeWind.uexp" 464
"../../../Engine/Plugins/Editor/SpeedTreeImporter/Content/SpeedTree9/SpeedTreeBillboard.uasset" 465
"../../../Engine/Plugins/Editor/SpeedTreeImporter/Content/SpeedTree9/SpeedTreeBillboard.uexp" 466
"../../../Engine/Plugins/Editor/SpeedTreeImporter/Content/SpeedTree9/EmptyNormal.uasset" 467
"../../../Engine/Plugins/Editor/SpeedTreeImporter/Content/SpeedTree9/EmptyNormal.uexp" 468
"../../../Engine/Plugins/Editor/SpeedTreeImporter/Content/SpeedTree9/Empty.uasset" 469
"../../../Engine/Plugins/Editor/SpeedTreeImporter/Content/SpeedTree9/Empty.uexp" 470
"../../../Engine/Plugins/Editor/SpeedTreeImporter/Content/SpeedTree9/SpeedTreeBillboardMaster.uasset" 471
"../../../Engine/Plugins/Editor/SpeedTreeImporter/Content/SpeedTree9/SpeedTreeBillboardMaster.uexp" 472
"../../../Engine/Plugins/Editor/SpeedTreeImporter/Content/SpeedTree9/SpeedTreeCameraFacing.uasset" 473
"../../../Engine/Plugins/Editor/SpeedTreeImporter/Content/SpeedTree9/SpeedTreeCameraFacing.uexp" 474
"../../../Engine/Plugins/Editor/SpeedTreeImporter/Content/SpeedTree9/SpeedTreeMaster.uasset" 475
"../../../Engine/Plugins/Editor/SpeedTreeImporter/Content/SpeedTree9/SpeedTreeMaster.uexp" 476
"../../../Engine/Content/BasicShapes/Cylinder.uasset" 477
"../../../Engine/Content/BasicShapes/Cylinder.uexp" 478
"../../../Engine/Content/ArtTools/RenderToTexture/Materials/Debug/M_Emissive_Color.uasset" 479
"../../../Engine/Content/ArtTools/RenderToTexture/Materials/Debug/M_Emissive_Color.uexp" 480
"../../../Engine/Plugins/Lumin/MagicLeapPassableWorld/Content/MagicLeapARPinInfoActor.uasset" 481
"../../../Engine/Plugins/Lumin/MagicLeapPassableWorld/Content/MagicLeapARPinInfoActor.uexp" 482
"../../../Engine/Plugins/Runtime/OpenXR/Content/Devices/GoogleDaydream/MRTexture.uasset" 483
"../../../Engine/Plugins/Runtime/OpenXR/Content/Devices/GoogleDaydream/MRTexture.uexp" 484
"../../../Engine/Plugins/Runtime/OpenXR/Content/Devices/GoogleDaydream/MRTexture.ubulk" 485
"../../../Engine/Plugins/Runtime/OpenXR/Content/Devices/GoogleDaydream/BaseTexture.uasset" 486
"../../../Engine/Plugins/Runtime/OpenXR/Content/Devices/GoogleDaydream/BaseTexture.uexp" 487
"../../../Engine/Plugins/Runtime/OpenXR/Content/Devices/GoogleDaydream/BaseTexture.ubulk" 488
"../../../Engine/Content/EngineResources/Black.uasset" 489
"../../../Engine/Content/EngineResources/Black.uexp" 490
"../../../Engine/Plugins/Runtime/OpenXR/Content/Devices/M_XRController.uasset" 491
"../../../Engine/Plugins/Runtime/OpenXR/Content/Devices/M_XRController.uexp" 492
"../../../Engine/Plugins/Runtime/OpenXR/Content/Devices/GoogleDaydream/MI_GoogleDaydream.uasset" 493
"../../../Engine/Plugins/Runtime/OpenXR/Content/Devices/GoogleDaydream/MI_GoogleDaydream.uexp" 494
"../../../Engine/Plugins/Runtime/OpenXR/Content/Devices/GoogleDaydream/GoogleDaydreamController.uasset" 495
"../../../Engine/Plugins/Runtime/OpenXR/Content/Devices/GoogleDaydream/GoogleDaydreamController.uexp" 496
"../../../Engine/Plugins/Runtime/OpenXR/Content/Devices/HTCVive/BaseTexture.uasset" 497
"../../../Engine/Plugins/Runtime/OpenXR/Content/Devices/HTCVive/BaseTexture.uexp" 498
"../../../Engine/Plugins/Runtime/OpenXR/Content/Devices/HTCVive/BaseTexture.ubulk" 499
"../../../Engine/Plugins/Runtime/OpenXR/Content/Devices/HTCVive/MI_HTCVive.uasset" 500
"../../../Engine/Plugins/Runtime/OpenXR/Content/Devices/HTCVive/MI_HTCVive.uexp" 501
"../../../Engine/Plugins/Runtime/OpenXR/Content/Devices/HTCVive/HTCViveController.uasset" 502
"../../../Engine/Plugins/Runtime/OpenXR/Content/Devices/HTCVive/HTCViveController.uexp" 503
"../../../Engine/Plugins/Runtime/OpenXR/Content/Devices/MicrosoftMixedReality/NormalTexture.uasset" 504
"../../../Engine/Plugins/Runtime/OpenXR/Content/Devices/MicrosoftMixedReality/NormalTexture.uexp" 505
"../../../Engine/Plugins/Runtime/OpenXR/Content/Devices/MicrosoftMixedReality/NormalTexture.ubulk" 506
"../../../Engine/Plugins/Runtime/OpenXR/Content/Devices/MicrosoftMixedReality/MRTexture.uasset" 507
"../../../Engine/Plugins/Runtime/OpenXR/Content/Devices/MicrosoftMixedReality/MRTexture.uexp" 508
"../../../Engine/Plugins/Runtime/OpenXR/Content/Devices/MicrosoftMixedReality/MRTexture.ubulk" 509
"../../../Engine/Plugins/Runtime/OpenXR/Content/Devices/MicrosoftMixedReality/EmissiveTexture.uasset" 510
"../../../Engine/Plugins/Runtime/OpenXR/Content/Devices/MicrosoftMixedReality/EmissiveTexture.uexp" 511
"../../../Engine/Plugins/Runtime/OpenXR/Content/Devices/MicrosoftMixedReality/EmissiveTexture.ubulk" 512
"../../../Engine/Plugins/Runtime/OpenXR/Content/Devices/MicrosoftMixedReality/BaseTexture.uasset" 513
"../../../Engine/Plugins/Runtime/OpenXR/Content/Devices/MicrosoftMixedReality/BaseTexture.uexp" 514
"../../../Engine/Plugins/Runtime/OpenXR/Content/Devices/MicrosoftMixedReality/BaseTexture.ubulk" 515
"../../../Engine/Plugins/Runtime/OpenXR/Content/Devices/MicrosoftMixedReality/MI_MicrosoftMixedReality.uasset" 516
"../../../Engine/Plugins/Runtime/OpenXR/Content/Devices/MicrosoftMixedReality/MI_MicrosoftMixedReality.uexp" 517
"../../../Engine/Plugins/Runtime/OpenXR/Content/Devices/MicrosoftMixedReality/Left/left_MicrosoftMixedRealityController.uasset" 518
"../../../Engine/Plugins/Runtime/OpenXR/Content/Devices/MicrosoftMixedReality/Left/left_MicrosoftMixedRealityController.uexp" 519
"../../../Engine/Plugins/Runtime/OpenXR/Content/Devices/MicrosoftMixedReality/Right/right_MicrosoftMixedRealityController.uasset" 520
"../../../Engine/Plugins/Runtime/OpenXR/Content/Devices/MicrosoftMixedReality/Right/right_MicrosoftMixedRealityController.uexp" 521
"../../../Engine/Plugins/Runtime/OpenXR/Content/Devices/OculusGo/BaseTexture.uasset" 522
"../../../Engine/Plugins/Runtime/OpenXR/Content/Devices/OculusGo/BaseTexture.uexp" 523
"../../../Engine/Plugins/Runtime/OpenXR/Content/Devices/OculusGo/BaseTexture.ubulk" 524
"../../../Engine/Plugins/Runtime/OpenXR/Content/Devices/OculusGo/MI_OculusGo.uasset" 525
"../../../Engine/Plugins/Runtime/OpenXR/Content/Devices/OculusGo/MI_OculusGo.uexp" 526
"../../../Engine/Plugins/Runtime/OpenXR/Content/Devices/OculusGo/OculusGoController.uasset" 527
"../../../Engine/Plugins/Runtime/OpenXR/Content/Devices/OculusGo/OculusGoController.uexp" 528
"../../../Engine/Plugins/Runtime/OpenXR/Content/Devices/OculusTouch/MRTexture.uasset" 529
"../../../Engine/Plugins/Runtime/OpenXR/Content/Devices/OculusTouch/MRTexture.uexp" 530
"../../../Engine/Plugins/Runtime/OpenXR/Content/Devices/OculusTouch/MRTexture.ubulk" 531
"../../../Engine/Plugins/Runtime/OpenXR/Content/Devices/OculusTouch/BaseTexture.uasset" 532
"../../../Engine/Plugins/Runtime/OpenXR/Content/Devices/OculusTouch/BaseTexture.uexp" 533
"../../../Engine/Plugins/Runtime/OpenXR/Content/Devices/OculusTouch/BaseTexture.ubulk" 534
"../../../Engine/Plugins/Runtime/OpenXR/Content/Devices/OculusTouch/MI_OculusTouch.uasset" 535
"../../../Engine/Plugins/Runtime/OpenXR/Content/Devices/OculusTouch/MI_OculusTouch.uexp" 536
"../../../Engine/Plugins/Runtime/OpenXR/Content/Devices/OculusTouch/Left/left_OculusTouchController.uasset" 537
"../../../Engine/Plugins/Runtime/OpenXR/Content/Devices/OculusTouch/Left/left_OculusTouchController.uexp" 538
"../../../Engine/Plugins/Runtime/OpenXR/Content/Devices/OculusTouch/Right/right_OculusTouchController.uasset" 539
"../../../Engine/Plugins/Runtime/OpenXR/Content/Devices/OculusTouch/Right/right_OculusTouchController.uexp" 540
"../../../Engine/Plugins/Runtime/OpenXR/Content/Devices/OculusTouch_v2/MRTexture.uasset" 541
"../../../Engine/Plugins/Runtime/OpenXR/Content/Devices/OculusTouch_v2/MRTexture.uexp" 542
"../../../Engine/Plugins/Runtime/OpenXR/Content/Devices/OculusTouch_v2/MRTexture.ubulk" 543
"../../../Engine/Plugins/Runtime/OpenXR/Content/Devices/OculusTouch_v2/BaseTexture.uasset" 544
"../../../Engine/Plugins/Runtime/OpenXR/Content/Devices/OculusTouch_v2/BaseTexture.uexp" 545
"../../../Engine/Plugins/Runtime/OpenXR/Content/Devices/OculusTouch_v2/BaseTexture.ubulk" 546
"../../../Engine/Plugins/Runtime/OpenXR/Content/Devices/OculusTouch_v2/MI_OculusTouch_v2.uasset" 547
"../../../Engine/Plugins/Runtime/OpenXR/Content/Devices/OculusTouch_v2/MI_OculusTouch_v2.uexp" 548
"../../../Engine/Plugins/Runtime/OpenXR/Content/Devices/OculusTouch_v2/Left/left_OculusTouch_v2Controller.uasset" 549
"../../../Engine/Plugins/Runtime/OpenXR/Content/Devices/OculusTouch_v2/Left/left_OculusTouch_v2Controller.uexp" 550
"../../../Engine/Plugins/Runtime/OpenXR/Content/Devices/OculusTouch_v2/Right/right_OculusTouch_v2Controller.uasset" 551
"../../../Engine/Plugins/Runtime/OpenXR/Content/Devices/OculusTouch_v2/Right/right_OculusTouch_v2Controller.uexp" 552
"../../../Engine/Plugins/Runtime/OpenXR/Content/Devices/OculusTouch_v3/MRTexture.uasset" 553
"../../../Engine/Plugins/Runtime/OpenXR/Content/Devices/OculusTouch_v3/MRTexture.uexp" 554
"../../../Engine/Plugins/Runtime/OpenXR/Content/Devices/OculusTouch_v3/MRTexture.ubulk" 555
"../../../Engine/Plugins/Runtime/OpenXR/Content/Devices/OculusTouch_v3/BaseTexture.uasset" 556
"../../../Engine/Plugins/Runtime/OpenXR/Content/Devices/OculusTouch_v3/BaseTexture.uexp" 557
"../../../Engine/Plugins/Runtime/OpenXR/Content/Devices/OculusTouch_v3/BaseTexture.ubulk" 558
"../../../Engine/Plugins/Runtime/OpenXR/Content/Devices/OculusTouch_v3/MI_OculusTouch_v3.uasset" 559
"../../../Engine/Plugins/Runtime/OpenXR/Content/Devices/OculusTouch_v3/MI_OculusTouch_v3.uexp" 560
"../../../Engine/Plugins/Runtime/OpenXR/Content/Devices/OculusTouch_v3/Left/left_OculusTouch_v3Controller.uasset" 561
"../../../Engine/Plugins/Runtime/OpenXR/Content/Devices/OculusTouch_v3/Left/left_OculusTouch_v3Controller.uexp" 562
"../../../Engine/Plugins/Runtime/OpenXR/Content/Devices/OculusTouch_v3/Right/right_OculusTouch_v3Controller.uasset" 563
"../../../Engine/Plugins/Runtime/OpenXR/Content/Devices/OculusTouch_v3/Right/right_OculusTouch_v3Controller.uexp" 564
"../../../Engine/Plugins/Runtime/OpenXR/Content/Devices/ValveIndex/MRTexture.uasset" 565
"../../../Engine/Plugins/Runtime/OpenXR/Content/Devices/ValveIndex/MRTexture.uexp" 566
"../../../Engine/Plugins/Runtime/OpenXR/Content/Devices/ValveIndex/MRTexture.ubulk" 567
"../../../Engine/Plugins/Runtime/OpenXR/Content/Devices/ValveIndex/BaseTexture.uasset" 568
"../../../Engine/Plugins/Runtime/OpenXR/Content/Devices/ValveIndex/BaseTexture.uexp" 569
"../../../Engine/Plugins/Runtime/OpenXR/Content/Devices/ValveIndex/BaseTexture.ubulk" 570
"../../../Engine/Plugins/Runtime/OpenXR/Content/Devices/ValveIndex/Left/MI_left_ValveIndex.uasset" 571
"../../../Engine/Plugins/Runtime/OpenXR/Content/Devices/ValveIndex/Left/MI_left_ValveIndex.uexp" 572
"../../../Engine/Plugins/Runtime/OpenXR/Content/Devices/ValveIndex/Left/left_ValveIndexController.uasset" 573
"../../../Engine/Plugins/Runtime/OpenXR/Content/Devices/ValveIndex/Left/left_ValveIndexController.uexp" 574
"../../../Engine/Plugins/Runtime/OpenXR/Content/Devices/ValveIndex/Right/MI_right_ValveIndex.uasset" 575
"../../../Engine/Plugins/Runtime/OpenXR/Content/Devices/ValveIndex/Right/MI_right_ValveIndex.uexp" 576
"../../../Engine/Plugins/Runtime/OpenXR/Content/Devices/ValveIndex/Right/right_ValveIndexController.uasset" 577
"../../../Engine/Plugins/Runtime/OpenXR/Content/Devices/ValveIndex/Right/right_ValveIndexController.uexp" 578
"../../../Engine/Content/Functions/Engine_MaterialFunctions02/Utility/BreakOutFloat4Components.uasset" 579
"../../../Engine/Content/Functions/Engine_MaterialFunctions02/Utility/BreakOutFloat4Components.uexp" 580
"../../../Engine/Content/Functions/Engine_MaterialFunctions02/Utility/MakeFloat3.uasset" 581
"../../../Engine/Content/Functions/Engine_MaterialFunctions02/Utility/MakeFloat3.uexp" 582
"../../../Engine/Plugins/Runtime/Oculus/OculusVR/Content/Materials/OculusMR_ChromaKey.uasset" 583
"../../../Engine/Plugins/Runtime/Oculus/OculusVR/Content/Materials/OculusMR_ChromaKey.uexp" 584
"../../../Engine/Plugins/Runtime/Oculus/OculusVR/Content/Materials/OculusMR_OpaqueColoredMaterial.uasset" 585
"../../../Engine/Plugins/Runtime/Oculus/OculusVR/Content/Materials/OculusMR_OpaqueColoredMaterial.uexp" 586
"../../../Engine/Plugins/Runtime/Oculus/OculusVR/Content/Materials/PokeAHoleMaterial.uasset" 587
"../../../Engine/Plugins/Runtime/Oculus/OculusVR/Content/Materials/PokeAHoleMaterial.uexp" 588
"../../../Engine/Plugins/Runtime/Oculus/OculusVR/Content/Textures/touchController_controlmap.uasset" 589
"../../../Engine/Plugins/Runtime/Oculus/OculusVR/Content/Textures/touchController_controlmap.uexp" 590
"../../../Engine/Plugins/Runtime/Oculus/OculusVR/Content/Textures/touchController_controlmap.ubulk" 591
"../../../Engine/Plugins/Runtime/Oculus/OculusVR/Content/Textures/touchController_albedo.uasset" 592
"../../../Engine/Plugins/Runtime/Oculus/OculusVR/Content/Textures/touchController_albedo.uexp" 593
"../../../Engine/Plugins/Runtime/Oculus/OculusVR/Content/Textures/touchController_albedo.ubulk" 594
"../../../Engine/Plugins/Runtime/Oculus/OculusVR/Content/Materials/touchController_mat.uasset" 595
"../../../Engine/Plugins/Runtime/Oculus/OculusVR/Content/Materials/touchController_mat.uexp" 596
"../../../Engine/Plugins/Runtime/Oculus/OculusVR/Content/Meshes/LeftTouchController.uasset" 597
"../../../Engine/Plugins/Runtime/Oculus/OculusVR/Content/Meshes/LeftTouchController.uexp" 598
"../../../Engine/Plugins/Runtime/Oculus/OculusVR/Content/Textures/TouchForQuestRiftSController_albedo.uasset" 599
"../../../Engine/Plugins/Runtime/Oculus/OculusVR/Content/Textures/TouchForQuestRiftSController_albedo.uexp" 600
"../../../Engine/Plugins/Runtime/Oculus/OculusVR/Content/Textures/TouchForQuestRiftSController_albedo.ubulk" 601
"../../../Engine/Plugins/Runtime/Oculus/OculusVR/Content/Materials/TouchForQuestRiftSControllerMaterial.uasset" 602
"../../../Engine/Plugins/Runtime/Oculus/OculusVR/Content/Materials/TouchForQuestRiftSControllerMaterial.uexp" 603
"../../../Engine/Plugins/Runtime/Oculus/OculusVR/Content/Meshes/LeftTouchForQuestRiftSController.uasset" 604
"../../../Engine/Plugins/Runtime/Oculus/OculusVR/Content/Meshes/LeftTouchForQuestRiftSController.uexp" 605
"../../../Engine/Plugins/Runtime/Oculus/OculusVR/Content/Meshes/RiftHMD.uasset" 606
"../../../Engine/Plugins/Runtime/Oculus/OculusVR/Content/Meshes/RiftHMD.uexp" 607
"../../../Engine/Plugins/Runtime/Oculus/OculusVR/Content/Meshes/RightTouchController.uasset" 608
"../../../Engine/Plugins/Runtime/Oculus/OculusVR/Content/Meshes/RightTouchController.uexp" 609
"../../../Engine/Plugins/Runtime/Oculus/OculusVR/Content/Meshes/RightTouchForQuestRiftSController.uasset" 610
"../../../Engine/Plugins/Runtime/Oculus/OculusVR/Content/Meshes/RightTouchForQuestRiftSController.uexp" 611
"F:/pROjectsUnreal/Gamejam/Content/ThirdPersonBP/Maps/ThirdPersonExampleMap_BuiltData.uasset" 612
"F:/pROjectsUnreal/Gamejam/Content/ThirdPersonBP/Maps/ThirdPersonExampleMap_BuiltData.uexp" 613
"F:/pROjectsUnreal/Gamejam/Content/ThirdPersonBP/Maps/ThirdPersonExampleMap_BuiltData.ubulk" 614
"F:/pROjectsUnreal/Gamejam/Content/UI/Hud_survival.uasset" 615
"F:/pROjectsUnreal/Gamejam/Content/UI/Hud_survival.uexp" 616
"F:/pROjectsUnreal/Gamejam/Content/UI/Gmdoe__codelikeme.uasset" 617
"F:/pROjectsUnreal/Gamejam/Content/UI/Gmdoe__codelikeme.uexp" 618
"F:/pROjectsUnreal/Gamejam/Content/UI/Banana/pear.uasset" 619
"F:/pROjectsUnreal/Gamejam/Content/UI/Banana/pear.uexp" 620
"F:/pROjectsUnreal/Gamejam/Content/UI/1texture_019.uasset" 621
"F:/pROjectsUnreal/Gamejam/Content/UI/1texture_019.uexp" 622
"F:/pROjectsUnreal/Gamejam/Content/UI/pear.uasset" 623
"F:/pROjectsUnreal/Gamejam/Content/UI/pear.uexp" 624
"F:/pROjectsUnreal/Gamejam/Content/UI/cartoon-bite-39234.uasset" 625
"F:/pROjectsUnreal/Gamejam/Content/UI/cartoon-bite-39234.uexp" 626
"F:/pROjectsUnreal/Gamejam/Content/UI/BP_Pear.uasset" 627
"F:/pROjectsUnreal/Gamejam/Content/UI/BP_Pear.uexp" 628
"F:/pROjectsUnreal/Gamejam/Content/UI/Banana/Banana_Roughtness.uasset" 629
"F:/pROjectsUnreal/Gamejam/Content/UI/Banana/Banana_Roughtness.uexp" 630
"F:/pROjectsUnreal/Gamejam/Content/UI/Banana/Banana_Roughtness.ubulk" 631
"F:/pROjectsUnreal/Gamejam/Content/UI/Banana/Banana_Normal.uasset" 632
"F:/pROjectsUnreal/Gamejam/Content/UI/Banana/Banana_Normal.uexp" 633
"F:/pROjectsUnreal/Gamejam/Content/UI/Banana/Banana_Normal.ubulk" 634
"F:/pROjectsUnreal/Gamejam/Content/UI/Banana/Banana_BaseColor.uasset" 635
"F:/pROjectsUnreal/Gamejam/Content/UI/Banana/Banana_BaseColor.uexp" 636
"F:/pROjectsUnreal/Gamejam/Content/UI/Banana/Banana_BaseColor.ubulk" 637
"F:/pROjectsUnreal/Gamejam/Content/UI/Banana/Banana1.uasset" 638
"F:/pROjectsUnreal/Gamejam/Content/UI/Banana/Banana1.uexp" 639
"F:/pROjectsUnreal/Gamejam/Content/UI/Banana/Banana.uasset" 640
"F:/pROjectsUnreal/Gamejam/Content/UI/Banana/Banana.uexp" 641
"F:/pROjectsUnreal/Gamejam/Content/UI/BP_Fruit.uasset" 642
"F:/pROjectsUnreal/Gamejam/Content/UI/BP_Fruit.uexp" 643
"F:/pROjectsUnreal/Gamejam/Content/ThirdPersonBP/Blueprints/Ai.uasset" 644
"F:/pROjectsUnreal/Gamejam/Content/ThirdPersonBP/Blueprints/Ai.uexp" 645
"F:/pROjectsUnreal/Gamejam/Content/Stylized_PBR_Nature/Foliage/Textures/T_Pine_Tree_Trunk_N.uasset" 646
"F:/pROjectsUnreal/Gamejam/Content/Stylized_PBR_Nature/Foliage/Textures/T_Pine_Tree_Trunk_N.uexp" 647
"F:/pROjectsUnreal/Gamejam/Content/Stylized_PBR_Nature/Foliage/Textures/T_Pine_Tree_Trunk_N.ubulk" 648
"F:/pROjectsUnreal/Gamejam/Content/Stylized_PBR_Nature/Foliage/Textures/T_Pine_Tree_Trunk_D.uasset" 649
"F:/pROjectsUnreal/Gamejam/Content/Stylized_PBR_Nature/Foliage/Textures/T_Pine_Tree_Trunk_D.uexp" 650
"F:/pROjectsUnreal/Gamejam/Content/Stylized_PBR_Nature/Foliage/Textures/T_Pine_Tree_Trunk_D.ubulk" 651
"F:/pROjectsUnreal/Gamejam/Content/Stylized_PBR_Nature/Foliage/Textures/T_Pine_Tree_Trunk_ORM.uasset" 652
"F:/pROjectsUnreal/Gamejam/Content/Stylized_PBR_Nature/Foliage/Textures/T_Pine_Tree_Trunk_ORM.uexp" 653
"F:/pROjectsUnreal/Gamejam/Content/Stylized_PBR_Nature/Foliage/Textures/T_Pine_Tree_Trunk_ORM.ubulk" 654
"F:/pROjectsUnreal/Gamejam/Content/Stylized_PBR_Nature/Foliage/Materials/M_Tree_Trunk_Master.uasset" 655
"F:/pROjectsUnreal/Gamejam/Content/Stylized_PBR_Nature/Foliage/Materials/M_Tree_Trunk_Master.uexp" 656
"F:/pROjectsUnreal/Gamejam/Content/Stylized_PBR_Nature/Foliage/Materials/MI_Pine_Trunk.uasset" 657
"F:/pROjectsUnreal/Gamejam/Content/Stylized_PBR_Nature/Foliage/Materials/MI_Pine_Trunk.uexp" 658
"../../../Engine/Content/Functions/Engine_MaterialFunctions01/WorldPositionOffset/SimpleGrassWind.uasset" 659
"../../../Engine/Content/Functions/Engine_MaterialFunctions01/WorldPositionOffset/SimpleGrassWind.uexp" 660
"F:/pROjectsUnreal/Gamejam/Content/Stylized_PBR_Nature/Foliage/Textures/T_Grass_D.uasset" 661
"F:/pROjectsUnreal/Gamejam/Content/Stylized_PBR_Nature/Foliage/Textures/T_Grass_D.uexp" 662
"F:/pROjectsUnreal/Gamejam/Content/Stylized_PBR_Nature/Foliage/Textures/T_Grass_D.ubulk" 663
"F:/pROjectsUnreal/Gamejam/Content/Stylized_PBR_Nature/Foliage/Materials/M_Foliage_Master.uasset" 664
"F:/pROjectsUnreal/Gamejam/Content/Stylized_PBR_Nature/Foliage/Materials/M_Foliage_Master.uexp" 665
"F:/pROjectsUnreal/Gamejam/Content/Stylized_PBR_Nature/Foliage/Textures/T_Pine_Tree_Leaves_D.uasset" 666
"F:/pROjectsUnreal/Gamejam/Content/Stylized_PBR_Nature/Foliage/Textures/T_Pine_Tree_Leaves_D.uexp" 667
"F:/pROjectsUnreal/Gamejam/Content/Stylized_PBR_Nature/Foliage/Textures/T_Pine_Tree_Leaves_D.ubulk" 668
"F:/pROjectsUnreal/Gamejam/Content/Stylized_PBR_Nature/Foliage/Materials/MI_Pine_Tree_Leaves.uasset" 669
"F:/pROjectsUnreal/Gamejam/Content/Stylized_PBR_Nature/Foliage/Materials/MI_Pine_Tree_Leaves.uexp" 670
"F:/pROjectsUnreal/Gamejam/Content/Stylized_PBR_Nature/Foliage/Assets/SM_Pine_Tree_4.uasset" 671
"F:/pROjectsUnreal/Gamejam/Content/Stylized_PBR_Nature/Foliage/Assets/SM_Pine_Tree_4.uexp" 672
"F:/pROjectsUnreal/Gamejam/Content/Stylized_PBR_Nature/Foliage/Assets/SM_Pine_Tree_3.uasset" 673
"F:/pROjectsUnreal/Gamejam/Content/Stylized_PBR_Nature/Foliage/Assets/SM_Pine_Tree_3.uexp" 674
"F:/pROjectsUnreal/Gamejam/Content/Stylized_PBR_Nature/Foliage/Assets/SM_Pine_Tree_2.uasset" 675
"F:/pROjectsUnreal/Gamejam/Content/Stylized_PBR_Nature/Foliage/Assets/SM_Pine_Tree_2.uexp" 676
"F:/pROjectsUnreal/Gamejam/Content/Stylized_PBR_Nature/Foliage/Assets/SM_Pine_Tree_1.uasset" 677
"F:/pROjectsUnreal/Gamejam/Content/Stylized_PBR_Nature/Foliage/Assets/SM_Pine_Tree_1.uexp" 678
"F:/pROjectsUnreal/Gamejam/Content/Stylized_PBR_Nature/Foliage/Materials/MI_Grass.uasset" 679
"F:/pROjectsUnreal/Gamejam/Content/Stylized_PBR_Nature/Foliage/Materials/MI_Grass.uexp" 680
"F:/pROjectsUnreal/Gamejam/Content/Stylized_PBR_Nature/Foliage/Assets/SM_Grass.uasset" 681
"F:/pROjectsUnreal/Gamejam/Content/Stylized_PBR_Nature/Foliage/Assets/SM_Grass.uexp" 682
"F:/pROjectsUnreal/Gamejam/Content/Stylized_PBR_Nature/Foliage/Textures/T_Fern_D.uasset" 683
"F:/pROjectsUnreal/Gamejam/Content/Stylized_PBR_Nature/Foliage/Textures/T_Fern_D.uexp" 684
"F:/pROjectsUnreal/Gamejam/Content/Stylized_PBR_Nature/Foliage/Textures/T_Fern_D.ubulk" 685
"F:/pROjectsUnreal/Gamejam/Content/Stylized_PBR_Nature/Foliage/Materials/MI_Fern.uasset" 686
"F:/pROjectsUnreal/Gamejam/Content/Stylized_PBR_Nature/Foliage/Materials/MI_Fern.uexp" 687
"F:/pROjectsUnreal/Gamejam/Content/Stylized_PBR_Nature/Foliage/Assets/SM_Fern.uasset" 688
"F:/pROjectsUnreal/Gamejam/Content/Stylized_PBR_Nature/Foliage/Assets/SM_Fern.uexp" 689
"F:/pROjectsUnreal/Gamejam/Content/Stylized_PBR_Nature/Foliage/Textures/T_Common_Tree_11_ORM.uasset" 690
"F:/pROjectsUnreal/Gamejam/Content/Stylized_PBR_Nature/Foliage/Textures/T_Common_Tree_11_ORM.uexp" 691
"F:/pROjectsUnreal/Gamejam/Content/Stylized_PBR_Nature/Foliage/Textures/T_Common_Tree_11_ORM.ubulk" 692
"F:/pROjectsUnreal/Gamejam/Content/Stylized_PBR_Nature/Foliage/Textures/T_Common_Tree_11_N.uasset" 693
"F:/pROjectsUnreal/Gamejam/Content/Stylized_PBR_Nature/Foliage/Textures/T_Common_Tree_11_N.uexp" 694
"F:/pROjectsUnreal/Gamejam/Content/Stylized_PBR_Nature/Foliage/Textures/T_Common_Tree_11_N.ubulk" 695
"F:/pROjectsUnreal/Gamejam/Content/Stylized_PBR_Nature/Foliage/Textures/T_Common_Tree_11_D.uasset" 696
"F:/pROjectsUnreal/Gamejam/Content/Stylized_PBR_Nature/Foliage/Textures/T_Common_Tree_11_D.uexp" 697
"F:/pROjectsUnreal/Gamejam/Content/Stylized_PBR_Nature/Foliage/Textures/T_Common_Tree_11_D.ubulk" 698
"F:/pROjectsUnreal/Gamejam/Content/Stylized_PBR_Nature/Foliage/Materials/MI_Common_Tree_11.uasset" 699
"F:/pROjectsUnreal/Gamejam/Content/Stylized_PBR_Nature/Foliage/Materials/MI_Common_Tree_11.uexp" 700
"F:/pROjectsUnreal/Gamejam/Content/Stylized_PBR_Nature/Foliage/Textures/T_Common_Tree_Leaves_D.uasset" 701
"F:/pROjectsUnreal/Gamejam/Content/Stylized_PBR_Nature/Foliage/Textures/T_Common_Tree_Leaves_D.uexp" 702
"F:/pROjectsUnreal/Gamejam/Content/Stylized_PBR_Nature/Foliage/Textures/T_Common_Tree_Leaves_D.ubulk" 703
"F:/pROjectsUnreal/Gamejam/Content/Stylized_PBR_Nature/Foliage/Materials/MI_Common_Tree_Leaves.uasset" 704
"F:/pROjectsUnreal/Gamejam/Content/Stylized_PBR_Nature/Foliage/Materials/MI_Common_Tree_Leaves.uexp" 705
"F:/pROjectsUnreal/Gamejam/Content/Stylized_PBR_Nature/Foliage/Assets/SM_Common_Tree_11.uasset" 706
"F:/pROjectsUnreal/Gamejam/Content/Stylized_PBR_Nature/Foliage/Assets/SM_Common_Tree_11.uexp" 707
"F:/pROjectsUnreal/Gamejam/Content/Stylized_PBR_Nature/Foliage/Textures/T_Common_Tree_10_N.uasset" 708
"F:/pROjectsUnreal/Gamejam/Content/Stylized_PBR_Nature/Foliage/Textures/T_Common_Tree_10_N.uexp" 709
"F:/pROjectsUnreal/Gamejam/Content/Stylized_PBR_Nature/Foliage/Textures/T_Common_Tree_10_N.ubulk" 710
"F:/pROjectsUnreal/Gamejam/Content/Stylized_PBR_Nature/Foliage/Textures/T_Common_Tree_10_D.uasset" 711
"F:/pROjectsUnreal/Gamejam/Content/Stylized_PBR_Nature/Foliage/Textures/T_Common_Tree_10_D.uexp" 712
"F:/pROjectsUnreal/Gamejam/Content/Stylized_PBR_Nature/Foliage/Textures/T_Common_Tree_10_D.ubulk" 713
"F:/pROjectsUnreal/Gamejam/Content/Stylized_PBR_Nature/Foliage/Materials/MI_Common_Tree_10.uasset" 714
"F:/pROjectsUnreal/Gamejam/Content/Stylized_PBR_Nature/Foliage/Materials/MI_Common_Tree_10.uexp" 715
"F:/pROjectsUnreal/Gamejam/Content/Stylized_PBR_Nature/Foliage/Assets/SM_Common_Tree_10.uasset" 716
"F:/pROjectsUnreal/Gamejam/Content/Stylized_PBR_Nature/Foliage/Assets/SM_Common_Tree_10.uexp" 717
"F:/pROjectsUnreal/Gamejam/Content/Stylized_PBR_Nature/Foliage/Textures/T_Common_Tree_09_ORM.uasset" 718
"F:/pROjectsUnreal/Gamejam/Content/Stylized_PBR_Nature/Foliage/Textures/T_Common_Tree_09_ORM.uexp" 719
"F:/pROjectsUnreal/Gamejam/Content/Stylized_PBR_Nature/Foliage/Textures/T_Common_Tree_09_ORM.ubulk" 720
"F:/pROjectsUnreal/Gamejam/Content/Stylized_PBR_Nature/Foliage/Textures/T_Common_Tree_09_N.uasset" 721
"F:/pROjectsUnreal/Gamejam/Content/Stylized_PBR_Nature/Foliage/Textures/T_Common_Tree_09_N.uexp" 722
"F:/pROjectsUnreal/Gamejam/Content/Stylized_PBR_Nature/Foliage/Textures/T_Common_Tree_09_N.ubulk" 723
"F:/pROjectsUnreal/Gamejam/Content/Stylized_PBR_Nature/Foliage/Textures/T_Common_Tree_09_D.uasset" 724
"F:/pROjectsUnreal/Gamejam/Content/Stylized_PBR_Nature/Foliage/Textures/T_Common_Tree_09_D.uexp" 725
"F:/pROjectsUnreal/Gamejam/Content/Stylized_PBR_Nature/Foliage/Textures/T_Common_Tree_09_D.ubulk" 726
"F:/pROjectsUnreal/Gamejam/Content/Stylized_PBR_Nature/Foliage/Materials/MI_Common_Tree_09.uasset" 727
"F:/pROjectsUnreal/Gamejam/Content/Stylized_PBR_Nature/Foliage/Materials/MI_Common_Tree_09.uexp" 728
"F:/pROjectsUnreal/Gamejam/Content/Stylized_PBR_Nature/Foliage/Assets/SM_Common_Tree_09.uasset" 729
"F:/pROjectsUnreal/Gamejam/Content/Stylized_PBR_Nature/Foliage/Assets/SM_Common_Tree_09.uexp" 730
"F:/pROjectsUnreal/Gamejam/Content/Stylized_PBR_Nature/Foliage/Textures/T_Common_Tree_08_ORM.uasset" 731
"F:/pROjectsUnreal/Gamejam/Content/Stylized_PBR_Nature/Foliage/Textures/T_Common_Tree_08_ORM.uexp" 732
"F:/pROjectsUnreal/Gamejam/Content/Stylized_PBR_Nature/Foliage/Textures/T_Common_Tree_08_ORM.ubulk" 733
"F:/pROjectsUnreal/Gamejam/Content/Stylized_PBR_Nature/Foliage/Textures/T_Common_Tree_08_N.uasset" 734
"F:/pROjectsUnreal/Gamejam/Content/Stylized_PBR_Nature/Foliage/Textures/T_Common_Tree_08_N.uexp" 735
"F:/pROjectsUnreal/Gamejam/Content/Stylized_PBR_Nature/Foliage/Textures/T_Common_Tree_08_N.ubulk" 736
"F:/pROjectsUnreal/Gamejam/Content/Stylized_PBR_Nature/Foliage/Textures/T_Common_Tree_08_D.uasset" 737
"F:/pROjectsUnreal/Gamejam/Content/Stylized_PBR_Nature/Foliage/Textures/T_Common_Tree_08_D.uexp" 738
"F:/pROjectsUnreal/Gamejam/Content/Stylized_PBR_Nature/Foliage/Textures/T_Common_Tree_08_D.ubulk" 739
"F:/pROjectsUnreal/Gamejam/Content/Stylized_PBR_Nature/Foliage/Materials/MI_Common_Tree_08.uasset" 740
"F:/pROjectsUnreal/Gamejam/Content/Stylized_PBR_Nature/Foliage/Materials/MI_Common_Tree_08.uexp" 741
"F:/pROjectsUnreal/Gamejam/Content/Stylized_PBR_Nature/Foliage/Assets/SM_Common_Tree_08.uasset" 742
"F:/pROjectsUnreal/Gamejam/Content/Stylized_PBR_Nature/Foliage/Assets/SM_Common_Tree_08.uexp" 743
"F:/pROjectsUnreal/Gamejam/Content/Stylized_PBR_Nature/Foliage/Assets/SM_Common_Tree_05.uasset" 744
"F:/pROjectsUnreal/Gamejam/Content/Stylized_PBR_Nature/Foliage/Assets/SM_Common_Tree_05.uexp" 745
"F:/pROjectsUnreal/Gamejam/Content/Stylized_PBR_Nature/Foliage/Textures/T_Common_Tree_02_ORM.uasset" 746
"F:/pROjectsUnreal/Gamejam/Content/Stylized_PBR_Nature/Foliage/Textures/T_Common_Tree_02_ORM.uexp" 747
"F:/pROjectsUnreal/Gamejam/Content/Stylized_PBR_Nature/Foliage/Textures/T_Common_Tree_02_ORM.ubulk" 748
"F:/pROjectsUnreal/Gamejam/Content/Stylized_PBR_Nature/Foliage/Textures/T_Common_Tree_02_N.uasset" 749
"F:/pROjectsUnreal/Gamejam/Content/Stylized_PBR_Nature/Foliage/Textures/T_Common_Tree_02_N.uexp" 750
"F:/pROjectsUnreal/Gamejam/Content/Stylized_PBR_Nature/Foliage/Textures/T_Common_Tree_02_N.ubulk" 751
"F:/pROjectsUnreal/Gamejam/Content/Stylized_PBR_Nature/Foliage/Textures/T_Common_Tree_02_D.uasset" 752
"F:/pROjectsUnreal/Gamejam/Content/Stylized_PBR_Nature/Foliage/Textures/T_Common_Tree_02_D.uexp" 753
"F:/pROjectsUnreal/Gamejam/Content/Stylized_PBR_Nature/Foliage/Textures/T_Common_Tree_02_D.ubulk" 754
"F:/pROjectsUnreal/Gamejam/Content/Stylized_PBR_Nature/Foliage/Materials/MI_Common_Tree_02.uasset" 755
"F:/pROjectsUnreal/Gamejam/Content/Stylized_PBR_Nature/Foliage/Materials/MI_Common_Tree_02.uexp" 756
"F:/pROjectsUnreal/Gamejam/Content/Stylized_PBR_Nature/Foliage/Assets/SM_Common_Tree_02.uasset" 757
"F:/pROjectsUnreal/Gamejam/Content/Stylized_PBR_Nature/Foliage/Assets/SM_Common_Tree_02.uexp" 758
"F:/pROjectsUnreal/Gamejam/Content/Stylized_PBR_Nature/Foliage/Textures/T_Common_Tree_01_ORM.uasset" 759
"F:/pROjectsUnreal/Gamejam/Content/Stylized_PBR_Nature/Foliage/Textures/T_Common_Tree_01_ORM.uexp" 760
"F:/pROjectsUnreal/Gamejam/Content/Stylized_PBR_Nature/Foliage/Textures/T_Common_Tree_01_ORM.ubulk" 761
"F:/pROjectsUnreal/Gamejam/Content/Stylized_PBR_Nature/Foliage/Textures/T_Common_Tree_01_N.uasset" 762
"F:/pROjectsUnreal/Gamejam/Content/Stylized_PBR_Nature/Foliage/Textures/T_Common_Tree_01_N.uexp" 763
"F:/pROjectsUnreal/Gamejam/Content/Stylized_PBR_Nature/Foliage/Textures/T_Common_Tree_01_N.ubulk" 764
"F:/pROjectsUnreal/Gamejam/Content/Stylized_PBR_Nature/Foliage/Textures/T_Common_Tree_01_D.uasset" 765
"F:/pROjectsUnreal/Gamejam/Content/Stylized_PBR_Nature/Foliage/Textures/T_Common_Tree_01_D.uexp" 766
"F:/pROjectsUnreal/Gamejam/Content/Stylized_PBR_Nature/Foliage/Textures/T_Common_Tree_01_D.ubulk" 767
"F:/pROjectsUnreal/Gamejam/Content/Stylized_PBR_Nature/Foliage/Materials/MI_Common_Tree_01.uasset" 768
"F:/pROjectsUnreal/Gamejam/Content/Stylized_PBR_Nature/Foliage/Materials/MI_Common_Tree_01.uexp" 769
"F:/pROjectsUnreal/Gamejam/Content/Stylized_PBR_Nature/Foliage/Assets/SM_Common_Tree_01.uasset" 770
"F:/pROjectsUnreal/Gamejam/Content/Stylized_PBR_Nature/Foliage/Assets/SM_Common_Tree_01.uexp" 771
"F:/pROjectsUnreal/Gamejam/Content/Stylized_PBR_Nature/Foliage/Textures/T_Clover_D.uasset" 772
"F:/pROjectsUnreal/Gamejam/Content/Stylized_PBR_Nature/Foliage/Textures/T_Clover_D.uexp" 773
"F:/pROjectsUnreal/Gamejam/Content/Stylized_PBR_Nature/Foliage/Textures/T_Clover_D.ubulk" 774
"F:/pROjectsUnreal/Gamejam/Content/Stylized_PBR_Nature/Foliage/Materials/MI_Clover.uasset" 775
"F:/pROjectsUnreal/Gamejam/Content/Stylized_PBR_Nature/Foliage/Materials/MI_Clover.uexp" 776
"F:/pROjectsUnreal/Gamejam/Content/Stylized_PBR_Nature/Foliage/Assets/SM_Clover.uasset" 777
"F:/pROjectsUnreal/Gamejam/Content/Stylized_PBR_Nature/Foliage/Assets/SM_Clover.uexp" 778
"F:/pROjectsUnreal/Gamejam/Content/Stylized_PBR_Nature/Foliage/Materials/MI_Bush.uasset" 779
"F:/pROjectsUnreal/Gamejam/Content/Stylized_PBR_Nature/Foliage/Materials/MI_Bush.uexp" 780
"F:/pROjectsUnreal/Gamejam/Content/Stylized_PBR_Nature/Foliage/Assets/SM_Bush.uasset" 781
"F:/pROjectsUnreal/Gamejam/Content/Stylized_PBR_Nature/Foliage/Assets/SM_Bush.uexp" 782
"../../../Engine/Content/EngineMaterials/DefaultPhysicalMaterial.uasset" 783
"../../../Engine/Content/EngineMaterials/DefaultPhysicalMaterial.uexp" 784
"F:/pROjectsUnreal/Gamejam/Content/Stylized_PBR_Nature/Rocks/Textures/T_S_Rocks_7-11_ORM.uasset" 785
"F:/pROjectsUnreal/Gamejam/Content/Stylized_PBR_Nature/Rocks/Textures/T_S_Rocks_7-11_ORM.uexp" 786
"F:/pROjectsUnreal/Gamejam/Content/Stylized_PBR_Nature/Rocks/Textures/T_S_Rocks_7-11_ORM.ubulk" 787
"F:/pROjectsUnreal/Gamejam/Content/Stylized_PBR_Nature/Rocks/Textures/T_S_Rocks_7-11_N.uasset" 788
"F:/pROjectsUnreal/Gamejam/Content/Stylized_PBR_Nature/Rocks/Textures/T_S_Rocks_7-11_N.uexp" 789
"F:/pROjectsUnreal/Gamejam/Content/Stylized_PBR_Nature/Rocks/Textures/T_S_Rocks_7-11_N.ubulk" 790
"F:/pROjectsUnreal/Gamejam/Content/Stylized_PBR_Nature/Rocks/Textures/T_S_Rocks_7-11_D.uasset" 791
"F:/pROjectsUnreal/Gamejam/Content/Stylized_PBR_Nature/Rocks/Textures/T_S_Rocks_7-11_D.uexp" 792
"F:/pROjectsUnreal/Gamejam/Content/Stylized_PBR_Nature/Rocks/Textures/T_S_Rocks_7-11_D.ubulk" 793
"F:/pROjectsUnreal/Gamejam/Content/Stylized_PBR_Nature/Rocks/Textures/T_R_Rocks_1-5_ORM.uasset" 794
"F:/pROjectsUnreal/Gamejam/Content/Stylized_PBR_Nature/Rocks/Textures/T_R_Rocks_1-5_ORM.uexp" 795
"F:/pROjectsUnreal/Gamejam/Content/Stylized_PBR_Nature/Rocks/Textures/T_R_Rocks_1-5_ORM.ubulk" 796
"F:/pROjectsUnreal/Gamejam/Content/Stylized_PBR_Nature/Rocks/Textures/T_R_Rocks_1-5_N.uasset" 797
"F:/pROjectsUnreal/Gamejam/Content/Stylized_PBR_Nature/Rocks/Textures/T_R_Rocks_1-5_N.uexp" 798
"F:/pROjectsUnreal/Gamejam/Content/Stylized_PBR_Nature/Rocks/Textures/T_R_Rocks_1-5_N.ubulk" 799
"F:/pROjectsUnreal/Gamejam/Content/Stylized_PBR_Nature/Rocks/Textures/T_R_Rocks_1-5_D.uasset" 800
"F:/pROjectsUnreal/Gamejam/Content/Stylized_PBR_Nature/Rocks/Textures/T_R_Rocks_1-5_D.uexp" 801
"F:/pROjectsUnreal/Gamejam/Content/Stylized_PBR_Nature/Rocks/Textures/T_R_Rocks_1-5_D.ubulk" 802
"F:/pROjectsUnreal/Gamejam/Content/Stylized_PBR_Nature/Rocks/Materials/M_Rock_Master.uasset" 803
"F:/pROjectsUnreal/Gamejam/Content/Stylized_PBR_Nature/Rocks/Materials/M_Rock_Master.uexp" 804
"F:/pROjectsUnreal/Gamejam/Content/Stylized_PBR_Nature/Rocks/Materials/MI_S_Rock_7-11.uasset" 805
"F:/pROjectsUnreal/Gamejam/Content/Stylized_PBR_Nature/Rocks/Materials/MI_S_Rock_7-11.uexp" 806
"F:/pROjectsUnreal/Gamejam/Content/Stylized_PBR_Nature/Rocks/Assets/SM_S_Rock_10.uasset" 807
"F:/pROjectsUnreal/Gamejam/Content/Stylized_PBR_Nature/Rocks/Assets/SM_S_Rock_10.uexp" 808
"F:/pROjectsUnreal/Gamejam/Content/Stylized_PBR_Nature/Rocks/Textures/T_S_Rocks_1-6_ORM.uasset" 809
"F:/pROjectsUnreal/Gamejam/Content/Stylized_PBR_Nature/Rocks/Textures/T_S_Rocks_1-6_ORM.uexp" 810
"F:/pROjectsUnreal/Gamejam/Content/Stylized_PBR_Nature/Rocks/Textures/T_S_Rocks_1-6_ORM.ubulk" 811
"F:/pROjectsUnreal/Gamejam/Content/Stylized_PBR_Nature/Rocks/Textures/T_S_Rocks_1-6_N.uasset" 812
"F:/pROjectsUnreal/Gamejam/Content/Stylized_PBR_Nature/Rocks/Textures/T_S_Rocks_1-6_N.uexp" 813
"F:/pROjectsUnreal/Gamejam/Content/Stylized_PBR_Nature/Rocks/Textures/T_S_Rocks_1-6_N.ubulk" 814
"F:/pROjectsUnreal/Gamejam/Content/Stylized_PBR_Nature/Rocks/Textures/T_S_Rocks_1-6_D.uasset" 815
"F:/pROjectsUnreal/Gamejam/Content/Stylized_PBR_Nature/Rocks/Textures/T_S_Rocks_1-6_D.uexp" 816
"F:/pROjectsUnreal/Gamejam/Content/Stylized_PBR_Nature/Rocks/Textures/T_S_Rocks_1-6_D.ubulk" 817
"F:/pROjectsUnreal/Gamejam/Content/Stylized_PBR_Nature/Rocks/Materials/MI_S_Rock_1-6.uasset" 818
"F:/pROjectsUnreal/Gamejam/Content/Stylized_PBR_Nature/Rocks/Materials/MI_S_Rock_1-6.uexp" 819
"F:/pROjectsUnreal/Gamejam/Content/Stylized_PBR_Nature/Rocks/Assets/SM_S_Rock_05.uasset" 820
"F:/pROjectsUnreal/Gamejam/Content/Stylized_PBR_Nature/Rocks/Assets/SM_S_Rock_05.uexp" 821
"F:/pROjectsUnreal/Gamejam/Content/Stylized_PBR_Nature/Rocks/Materials/MI_R_Rock_1-5.uasset" 822
"F:/pROjectsUnreal/Gamejam/Content/Stylized_PBR_Nature/Rocks/Materials/MI_R_Rock_1-5.uexp" 823
"F:/pROjectsUnreal/Gamejam/Content/Stylized_PBR_Nature/Rocks/Assets/SM_R_Rock_05.uasset" 824
"F:/pROjectsUnreal/Gamejam/Content/Stylized_PBR_Nature/Rocks/Assets/SM_R_Rock_05.uexp" 825
"F:/pROjectsUnreal/Gamejam/Content/StarterContent/Textures/T_Ground_Gravel_N.uasset" 826
"F:/pROjectsUnreal/Gamejam/Content/StarterContent/Textures/T_Ground_Gravel_N.uexp" 827
"F:/pROjectsUnreal/Gamejam/Content/StarterContent/Textures/T_Ground_Gravel_N.ubulk" 828
"F:/pROjectsUnreal/Gamejam/Content/StarterContent/Textures/T_Ground_Gravel_D.uasset" 829
"F:/pROjectsUnreal/Gamejam/Content/StarterContent/Textures/T_Ground_Gravel_D.uexp" 830
"F:/pROjectsUnreal/Gamejam/Content/StarterContent/Textures/T_Ground_Gravel_D.ubulk" 831
"F:/pROjectsUnreal/Gamejam/Content/StarterContent/Textures/T_Perlin_Noise_M.uasset" 832
"F:/pROjectsUnreal/Gamejam/Content/StarterContent/Textures/T_Perlin_Noise_M.uexp" 833
"F:/pROjectsUnreal/Gamejam/Content/StarterContent/Textures/T_Perlin_Noise_M.ubulk" 834
"F:/pROjectsUnreal/Gamejam/Content/StarterContent/Textures/T_MacroVariation.uasset" 835
"F:/pROjectsUnreal/Gamejam/Content/StarterContent/Textures/T_MacroVariation.uexp" 836
"F:/pROjectsUnreal/Gamejam/Content/StarterContent/Materials/M_Ground_Gravel.uasset" 837
"F:/pROjectsUnreal/Gamejam/Content/StarterContent/Materials/M_Ground_Gravel.uexp" 838
"F:/pROjectsUnreal/Gamejam/Content/Geometry/Meshes/CubeMaterial.uasset" 839
"F:/pROjectsUnreal/Gamejam/Content/Geometry/Meshes/CubeMaterial.uexp" 840
"F:/pROjectsUnreal/Gamejam/Content/Geometry/Meshes/1M_Cube.uasset" 841
"F:/pROjectsUnreal/Gamejam/Content/Geometry/Meshes/1M_Cube.uexp" 842
"F:/pROjectsUnreal/Gamejam/Content/EnemyAI/EnemyAi.uasset" 843
"F:/pROjectsUnreal/Gamejam/Content/EnemyAI/EnemyAi.uexp" 844
"F:/pROjectsUnreal/Gamejam/Content/EnemyAI/EnemyChar.uasset" 845
"F:/pROjectsUnreal/Gamejam/Content/EnemyAI/EnemyChar.uexp" 846
"../../../Engine/Content/MapTemplates/Sky/DaylightAmbientCubemap.uasset" 847
"../../../Engine/Content/MapTemplates/Sky/DaylightAmbientCubemap.uexp" 848
"F:/pROjectsUnreal/Gamejam/Content/StarterContent/Blueprints/Assets/M_LightStage_Skybox_Master.uasset" 849
"F:/pROjectsUnreal/Gamejam/Content/StarterContent/Blueprints/Assets/M_LightStage_Skybox_Master.uexp" 850
"F:/pROjectsUnreal/Gamejam/Content/StarterContent/Blueprints/Assets/M_LightStage_Skybox_Black.uasset" 851
"F:/pROjectsUnreal/Gamejam/Content/StarterContent/Blueprints/Assets/M_LightStage_Skybox_Black.uexp" 852
"F:/pROjectsUnreal/Gamejam/Content/ThirdPersonBP/Maps/ThirdPersonExampleMap.uexp" 853
"F:/pROjectsUnreal/Gamejam/Content/ThirdPersonBP/Maps/ThirdPersonExampleMap.ubulk" 854
"F:/pROjectsUnreal/Gamejam/Content/ThirdPersonBP/Maps/ThirdPersonExampleMap.umap" 855
"../../../Engine/Content/Maps/Entry_BuiltData.uasset" 856
"../../../Engine/Content/Maps/Entry_BuiltData.uexp" 857
"../../../Engine/Content/Maps/Entry.uexp" 858
"../../../Engine/Content/Maps/Entry.umap" 859
